/home/joanna/ros2_gz_sim/install/ros_gazebo_simulation/lib/python3.12/site-packages/ros_gazebo_simulation/CNN_publisher.py
/home/joanna/ros2_gz_sim/install/ros_gazebo_simulation/lib/python3.12/site-packages/ros_gazebo_simulation/__init__.py
/home/joanna/ros2_gz_sim/install/ros_gazebo_simulation/lib/python3.12/site-packages/ros_gazebo_simulation/keyboard_controller.py
/home/joanna/ros2_gz_sim/install/ros_gazebo_simulation/lib/python3.12/site-packages/ros_gazebo_simulation/RNN_velocity_publisher.py
/home/joanna/ros2_gz_sim/install/ros_gazebo_simulation/lib/python3.12/site-packages/ros_gazebo_simulation/RNN_var1_velocity_publisher.py
/home/joanna/ros2_gz_sim/install/ros_gazebo_simulation/lib/python3.12/site-packages/ros_gazebo_simulation/data_bag_recorder.py
/home/joanna/ros2_gz_sim/install/ros_gazebo_simulation/lib/python3.12/site-packages/ros_gazebo_simulation/RNN_var2_velocity_publisher.py
/home/joanna/ros2_gz_sim/install/ros_gazebo_simulation/lib/python3.12/site-packages/ros_gazebo_simulation/velocity_publisher.py
/home/joanna/ros2_gz_sim/install/ros_gazebo_simulation/lib/python3.12/site-packages/ros_gazebo_simulation/__pycache__/CNN_publisher.cpython-312.pyc
/home/joanna/ros2_gz_sim/install/ros_gazebo_simulation/lib/python3.12/site-packages/ros_gazebo_simulation/__pycache__/__init__.cpython-312.pyc
/home/joanna/ros2_gz_sim/install/ros_gazebo_simulation/lib/python3.12/site-packages/ros_gazebo_simulation/__pycache__/keyboard_controller.cpython-312.pyc
/home/joanna/ros2_gz_sim/install/ros_gazebo_simulation/lib/python3.12/site-packages/ros_gazebo_simulation/__pycache__/RNN_velocity_publisher.cpython-312.pyc
/home/joanna/ros2_gz_sim/install/ros_gazebo_simulation/lib/python3.12/site-packages/ros_gazebo_simulation/__pycache__/RNN_var1_velocity_publisher.cpython-312.pyc
/home/joanna/ros2_gz_sim/install/ros_gazebo_simulation/lib/python3.12/site-packages/ros_gazebo_simulation/__pycache__/data_bag_recorder.cpython-312.pyc
/home/joanna/ros2_gz_sim/install/ros_gazebo_simulation/lib/python3.12/site-packages/ros_gazebo_simulation/__pycache__/RNN_var2_velocity_publisher.cpython-312.pyc
/home/joanna/ros2_gz_sim/install/ros_gazebo_simulation/lib/python3.12/site-packages/ros_gazebo_simulation/__pycache__/velocity_publisher.cpython-312.pyc
/home/joanna/ros2_gz_sim/install/ros_gazebo_simulation/share/ament_index/resource_index/packages/ros_gazebo_simulation
/home/joanna/ros2_gz_sim/install/ros_gazebo_simulation/share/ros_gazebo_simulation/package.xml
/home/joanna/ros2_gz_sim/install/ros_gazebo_simulation/share/ros_gazebo_simulation/launch/rsp_launch.py
/home/joanna/ros2_gz_sim/install/ros_gazebo_simulation/share/ros_gazebo_simulation/launch/ros_gz_sim_launch.py
/home/joanna/ros2_gz_sim/install/ros_gazebo_simulation/share/ros_gazebo_simulation/config/ros_gz_bridge.yaml
/home/joanna/ros2_gz_sim/install/ros_gazebo_simulation/share/ros_gazebo_simulation/worlds/empty.world
/home/joanna/ros2_gz_sim/install/ros_gazebo_simulation/share/ros_gazebo_simulation/worlds/model.sdf
/home/joanna/ros2_gz_sim/install/ros_gazebo_simulation/share/ros_gazebo_simulation/description/gazebo_control.xacro
/home/joanna/ros2_gz_sim/install/ros_gazebo_simulation/share/ros_gazebo_simulation/description/robot.urdf.xacro
/home/joanna/ros2_gz_sim/install/ros_gazebo_simulation/share/ros_gazebo_simulation/description/robot_core.xacro
/home/joanna/ros2_gz_sim/install/ros_gazebo_simulation/share/ros_gazebo_simulation/description/lidar.xacro
/home/joanna/ros2_gz_sim/install/ros_gazebo_simulation/share/ros_gazebo_simulation/description/inertial_macros.xacro
/home/joanna/ros2_gz_sim/install/ros_gazebo_simulation/lib/python3.12/site-packages/ros_gazebo_simulation-0.0.0-py3.12.egg-info/requires.txt
/home/joanna/ros2_gz_sim/install/ros_gazebo_simulation/lib/python3.12/site-packages/ros_gazebo_simulation-0.0.0-py3.12.egg-info/zip-safe
/home/joanna/ros2_gz_sim/install/ros_gazebo_simulation/lib/python3.12/site-packages/ros_gazebo_simulation-0.0.0-py3.12.egg-info/entry_points.txt
/home/joanna/ros2_gz_sim/install/ros_gazebo_simulation/lib/python3.12/site-packages/ros_gazebo_simulation-0.0.0-py3.12.egg-info/PKG-INFO
/home/joanna/ros2_gz_sim/install/ros_gazebo_simulation/lib/python3.12/site-packages/ros_gazebo_simulation-0.0.0-py3.12.egg-info/SOURCES.txt
/home/joanna/ros2_gz_sim/install/ros_gazebo_simulation/lib/python3.12/site-packages/ros_gazebo_simulation-0.0.0-py3.12.egg-info/top_level.txt
/home/joanna/ros2_gz_sim/install/ros_gazebo_simulation/lib/python3.12/site-packages/ros_gazebo_simulation-0.0.0-py3.12.egg-info/dependency_links.txt
/home/joanna/ros2_gz_sim/install/ros_gazebo_simulation/lib/ros_gazebo_simulation/CNN
/home/joanna/ros2_gz_sim/install/ros_gazebo_simulation/lib/ros_gazebo_simulation/RNN1_activate
/home/joanna/ros2_gz_sim/install/ros_gazebo_simulation/lib/ros_gazebo_simulation/RNN2_activate
/home/joanna/ros2_gz_sim/install/ros_gazebo_simulation/lib/ros_gazebo_simulation/RNN_activate
/home/joanna/ros2_gz_sim/install/ros_gazebo_simulation/lib/ros_gazebo_simulation/data_recorder
/home/joanna/ros2_gz_sim/install/ros_gazebo_simulation/lib/ros_gazebo_simulation/keyboard_controller
/home/joanna/ros2_gz_sim/install/ros_gazebo_simulation/lib/ros_gazebo_simulation/publish_velocity
