[0.654s] Invoking command in '/home/joanna/ros2_gz_sim/src/ros_gazebo_simulation': CONDA_PROMPT_MODIFIER=(base) DEBUGINFOD_URLS=https://debuginfod.ubuntu.com PYTHONPATH=/home/joanna/ros2_gz_sim/build/ros_gazebo_simulation/prefix_override:/usr/lib/python3/dist-packages/colcon_core/task/python/colcon_distutils_commands:/home/joanna/ros2_gz_sim/install/ros_gazebo_simulation/lib/python3.12/site-packages:${PYTHONPATH} /usr/bin/python3 -W ignore:setup.py install is deprecated setup.py egg_info --egg-base ../../build/ros_gazebo_simulation build --build-base /home/joanna/ros2_gz_sim/build/ros_gazebo_simulation/build install --record /home/joanna/ros2_gz_sim/build/ros_gazebo_simulation/install.log --single-version-externally-managed install_data
[0.908s] running egg_info
[0.919s] writing ../../build/ros_gazebo_simulation/ros_gazebo_simulation.egg-info/PKG-INFO
[0.919s] writing dependency_links to ../../build/ros_gazebo_simulation/ros_gazebo_simulation.egg-info/dependency_links.txt
[0.919s] writing entry points to ../../build/ros_gazebo_simulation/ros_gazebo_simulation.egg-info/entry_points.txt
[0.919s] writing requirements to ../../build/ros_gazebo_simulation/ros_gazebo_simulation.egg-info/requires.txt
[0.919s] writing top-level names to ../../build/ros_gazebo_simulation/ros_gazebo_simulation.egg-info/top_level.txt
[0.941s] reading manifest file '../../build/ros_gazebo_simulation/ros_gazebo_simulation.egg-info/SOURCES.txt'
[0.941s] adding license file 'LICENSE'
[0.941s] writing manifest file '../../build/ros_gazebo_simulation/ros_gazebo_simulation.egg-info/SOURCES.txt'
[0.941s] running build
[0.942s] running build_py
[0.942s] copying ros_gazebo_simulation/RNN_velocity_publisher.py -> /home/joanna/ros2_gz_sim/build/ros_gazebo_simulation/build/lib/ros_gazebo_simulation
[0.942s] copying ros_gazebo_simulation/RNN_var1_velocity_publisher.py -> /home/joanna/ros2_gz_sim/build/ros_gazebo_simulation/build/lib/ros_gazebo_simulation
[0.942s] copying ros_gazebo_simulation/RNN_var2_velocity_publisher.py -> /home/joanna/ros2_gz_sim/build/ros_gazebo_simulation/build/lib/ros_gazebo_simulation
[0.942s] running install
[0.946s] running install_lib
[0.960s] copying /home/joanna/ros2_gz_sim/build/ros_gazebo_simulation/build/lib/ros_gazebo_simulation/RNN_velocity_publisher.py -> /home/joanna/ros2_gz_sim/install/ros_gazebo_simulation/lib/python3.12/site-packages/ros_gazebo_simulation
[0.961s] copying /home/joanna/ros2_gz_sim/build/ros_gazebo_simulation/build/lib/ros_gazebo_simulation/RNN_var1_velocity_publisher.py -> /home/joanna/ros2_gz_sim/install/ros_gazebo_simulation/lib/python3.12/site-packages/ros_gazebo_simulation
[0.962s] copying /home/joanna/ros2_gz_sim/build/ros_gazebo_simulation/build/lib/ros_gazebo_simulation/RNN_var2_velocity_publisher.py -> /home/joanna/ros2_gz_sim/install/ros_gazebo_simulation/lib/python3.12/site-packages/ros_gazebo_simulation
[0.962s] byte-compiling /home/joanna/ros2_gz_sim/install/ros_gazebo_simulation/lib/python3.12/site-packages/ros_gazebo_simulation/RNN_velocity_publisher.py to RNN_velocity_publisher.cpython-312.pyc
[0.964s] byte-compiling /home/joanna/ros2_gz_sim/install/ros_gazebo_simulation/lib/python3.12/site-packages/ros_gazebo_simulation/RNN_var1_velocity_publisher.py to RNN_var1_velocity_publisher.cpython-312.pyc
[0.965s] byte-compiling /home/joanna/ros2_gz_sim/install/ros_gazebo_simulation/lib/python3.12/site-packages/ros_gazebo_simulation/RNN_var2_velocity_publisher.py to RNN_var2_velocity_publisher.cpython-312.pyc
[0.966s] running install_data
[0.966s] running install_egg_info
[0.977s] removing '/home/joanna/ros2_gz_sim/install/ros_gazebo_simulation/lib/python3.12/site-packages/ros_gazebo_simulation-0.0.0-py3.12.egg-info' (and everything under it)
[0.978s] Copying ../../build/ros_gazebo_simulation/ros_gazebo_simulation.egg-info to /home/joanna/ros2_gz_sim/install/ros_gazebo_simulation/lib/python3.12/site-packages/ros_gazebo_simulation-0.0.0-py3.12.egg-info
[0.978s] running install_scripts
[1.051s] Installing CNN script to /home/joanna/ros2_gz_sim/install/ros_gazebo_simulation/lib/ros_gazebo_simulation
[1.051s] Installing RNN1_activate script to /home/joanna/ros2_gz_sim/install/ros_gazebo_simulation/lib/ros_gazebo_simulation
[1.051s] Installing RNN2_activate script to /home/joanna/ros2_gz_sim/install/ros_gazebo_simulation/lib/ros_gazebo_simulation
[1.051s] Installing RNN_activate script to /home/joanna/ros2_gz_sim/install/ros_gazebo_simulation/lib/ros_gazebo_simulation
[1.051s] Installing data_recorder script to /home/joanna/ros2_gz_sim/install/ros_gazebo_simulation/lib/ros_gazebo_simulation
[1.052s] Installing keyboard_controller script to /home/joanna/ros2_gz_sim/install/ros_gazebo_simulation/lib/ros_gazebo_simulation
[1.052s] Installing publish_velocity script to /home/joanna/ros2_gz_sim/install/ros_gazebo_simulation/lib/ros_gazebo_simulation
[1.052s] writing list of installed files to '/home/joanna/ros2_gz_sim/build/ros_gazebo_simulation/install.log'
[1.069s] Invoked command in '/home/joanna/ros2_gz_sim/src/ros_gazebo_simulation' returned '0': CONDA_PROMPT_MODIFIER=(base) DEBUGINFOD_URLS=https://debuginfod.ubuntu.com PYTHONPATH=/home/joanna/ros2_gz_sim/build/ros_gazebo_simulation/prefix_override:/usr/lib/python3/dist-packages/colcon_core/task/python/colcon_distutils_commands:/home/joanna/ros2_gz_sim/install/ros_gazebo_simulation/lib/python3.12/site-packages:${PYTHONPATH} /usr/bin/python3 -W ignore:setup.py install is deprecated setup.py egg_info --egg-base ../../build/ros_gazebo_simulation build --build-base /home/joanna/ros2_gz_sim/build/ros_gazebo_simulation/build install --record /home/joanna/ros2_gz_sim/build/ros_gazebo_simulation/install.log --single-version-externally-managed install_data
