[0.059s] DEBUG:colcon:Command line arguments: ['/usr/bin/colcon', 'build', '--packages-select', 'ros_gazebo_simulation']
[0.059s] DEBUG:colcon:Parsed command line arguments: Namespace(log_base=None, log_level=None, verb_name='build', build_base='build', install_base='install', merge_install=False, symlink_install=False, test_result_base=None, continue_on_error=False, executor='parallel', parallel_workers=12, event_handlers=None, ignore_user_meta=False, metas=['./colcon.meta'], base_paths=['.'], packages_ignore=None, packages_ignore_regex=None, paths=None, packages_up_to=None, packages_up_to_regex=None, packages_above=None, packages_above_and_dependencies=None, packages_above_depth=None, packages_select_by_dep=None, packages_skip_by_dep=None, packages_skip_up_to=None, packages_select_build_failed=False, packages_skip_build_finished=False, packages_select_test_failures=False, packages_skip_test_passed=False, packages_select=['ros_gazebo_simulation'], packages_skip=None, packages_select_regex=None, packages_skip_regex=None, packages_start=None, packages_end=None, allow_overriding=[], cmake_args=None, cmake_target=None, cmake_target_skip_unavailable=False, cmake_clean_cache=False, cmake_clean_first=False, cmake_force_configure=False, ament_cmake_args=None, catkin_cmake_args=None, catkin_skip_building_tests=False, mixin_files=None, mixin=None, verb_parser=<colcon_mixin.mixin.mixin_argument.MixinArgumentDecorator object at 0x7fb7075ac410>, verb_extension=<colcon_core.verb.build.BuildVerb object at 0x7fb7075ac170>, main=<bound method BuildVerb.main of <colcon_core.verb.build.BuildVerb object at 0x7fb7075ac170>>, mixin_verb=('build',))
[0.080s] Level 1:colcon.colcon_core.package_discovery:discover_packages(colcon_meta) check parameters
[0.080s] Level 1:colcon.colcon_core.package_discovery:discover_packages(recursive) check parameters
[0.080s] Level 1:colcon.colcon_core.package_discovery:discover_packages(ignore) check parameters
[0.080s] Level 1:colcon.colcon_core.package_discovery:discover_packages(path) check parameters
[0.080s] Level 1:colcon.colcon_core.package_discovery:discover_packages(colcon_meta) discover
[0.080s] Level 1:colcon.colcon_core.package_discovery:discover_packages(recursive) discover
[0.080s] INFO:colcon.colcon_core.package_discovery:Crawling recursively for packages in '/home/joanna/ros2_gz_sim'
[0.080s] Level 1:colcon.colcon_core.package_identification:_identify(.) by extensions ['ignore', 'ignore_ament_install']
[0.080s] Level 1:colcon.colcon_core.package_identification:_identify(.) by extension 'ignore'
[0.080s] Level 1:colcon.colcon_core.package_identification:_identify(.) by extension 'ignore_ament_install'
[0.080s] Level 1:colcon.colcon_core.package_identification:_identify(.) by extensions ['colcon_pkg']
[0.080s] Level 1:colcon.colcon_core.package_identification:_identify(.) by extension 'colcon_pkg'
[0.080s] Level 1:colcon.colcon_core.package_identification:_identify(.) by extensions ['colcon_meta']
[0.080s] Level 1:colcon.colcon_core.package_identification:_identify(.) by extension 'colcon_meta'
[0.080s] Level 1:colcon.colcon_core.package_identification:_identify(.) by extensions ['ros']
[0.080s] Level 1:colcon.colcon_core.package_identification:_identify(.) by extension 'ros'
[0.095s] Level 1:colcon.colcon_core.package_identification:_identify(.) by extensions ['cmake', 'python']
[0.095s] Level 1:colcon.colcon_core.package_identification:_identify(.) by extension 'cmake'
[0.095s] Level 1:colcon.colcon_core.package_identification:_identify(.) by extension 'python'
[0.095s] Level 1:colcon.colcon_core.package_identification:_identify(.) by extensions ['python_setup_py']
[0.095s] Level 1:colcon.colcon_core.package_identification:_identify(.) by extension 'python_setup_py'
[0.095s] Level 1:colcon.colcon_core.package_identification:_identify(bag_folder20241102_120106) by extensions ['ignore', 'ignore_ament_install']
[0.096s] Level 1:colcon.colcon_core.package_identification:_identify(bag_folder20241102_120106) by extension 'ignore'
[0.096s] Level 1:colcon.colcon_core.package_identification:_identify(bag_folder20241102_120106) by extension 'ignore_ament_install'
[0.096s] Level 1:colcon.colcon_core.package_identification:_identify(bag_folder20241102_120106) by extensions ['colcon_pkg']
[0.096s] Level 1:colcon.colcon_core.package_identification:_identify(bag_folder20241102_120106) by extension 'colcon_pkg'
[0.096s] Level 1:colcon.colcon_core.package_identification:_identify(bag_folder20241102_120106) by extensions ['colcon_meta']
[0.096s] Level 1:colcon.colcon_core.package_identification:_identify(bag_folder20241102_120106) by extension 'colcon_meta'
[0.096s] Level 1:colcon.colcon_core.package_identification:_identify(bag_folder20241102_120106) by extensions ['ros']
[0.096s] Level 1:colcon.colcon_core.package_identification:_identify(bag_folder20241102_120106) by extension 'ros'
[0.096s] Level 1:colcon.colcon_core.package_identification:_identify(bag_folder20241102_120106) by extensions ['cmake', 'python']
[0.096s] Level 1:colcon.colcon_core.package_identification:_identify(bag_folder20241102_120106) by extension 'cmake'
[0.096s] Level 1:colcon.colcon_core.package_identification:_identify(bag_folder20241102_120106) by extension 'python'
[0.096s] Level 1:colcon.colcon_core.package_identification:_identify(bag_folder20241102_120106) by extensions ['python_setup_py']
[0.096s] Level 1:colcon.colcon_core.package_identification:_identify(bag_folder20241102_120106) by extension 'python_setup_py'
[0.096s] Level 1:colcon.colcon_core.package_identification:_identify(bag_folder20241106_052003) by extensions ['ignore', 'ignore_ament_install']
[0.096s] Level 1:colcon.colcon_core.package_identification:_identify(bag_folder20241106_052003) by extension 'ignore'
[0.096s] Level 1:colcon.colcon_core.package_identification:_identify(bag_folder20241106_052003) by extension 'ignore_ament_install'
[0.096s] Level 1:colcon.colcon_core.package_identification:_identify(bag_folder20241106_052003) by extensions ['colcon_pkg']
[0.096s] Level 1:colcon.colcon_core.package_identification:_identify(bag_folder20241106_052003) by extension 'colcon_pkg'
[0.096s] Level 1:colcon.colcon_core.package_identification:_identify(bag_folder20241106_052003) by extensions ['colcon_meta']
[0.096s] Level 1:colcon.colcon_core.package_identification:_identify(bag_folder20241106_052003) by extension 'colcon_meta'
[0.096s] Level 1:colcon.colcon_core.package_identification:_identify(bag_folder20241106_052003) by extensions ['ros']
[0.096s] Level 1:colcon.colcon_core.package_identification:_identify(bag_folder20241106_052003) by extension 'ros'
[0.096s] Level 1:colcon.colcon_core.package_identification:_identify(bag_folder20241106_052003) by extensions ['cmake', 'python']
[0.096s] Level 1:colcon.colcon_core.package_identification:_identify(bag_folder20241106_052003) by extension 'cmake'
[0.096s] Level 1:colcon.colcon_core.package_identification:_identify(bag_folder20241106_052003) by extension 'python'
[0.096s] Level 1:colcon.colcon_core.package_identification:_identify(bag_folder20241106_052003) by extensions ['python_setup_py']
[0.096s] Level 1:colcon.colcon_core.package_identification:_identify(bag_folder20241106_052003) by extension 'python_setup_py'
[0.096s] Level 1:colcon.colcon_core.package_identification:_identify(bag_folder20241106_052736) by extensions ['ignore', 'ignore_ament_install']
[0.096s] Level 1:colcon.colcon_core.package_identification:_identify(bag_folder20241106_052736) by extension 'ignore'
[0.096s] Level 1:colcon.colcon_core.package_identification:_identify(bag_folder20241106_052736) by extension 'ignore_ament_install'
[0.096s] Level 1:colcon.colcon_core.package_identification:_identify(bag_folder20241106_052736) by extensions ['colcon_pkg']
[0.096s] Level 1:colcon.colcon_core.package_identification:_identify(bag_folder20241106_052736) by extension 'colcon_pkg'
[0.096s] Level 1:colcon.colcon_core.package_identification:_identify(bag_folder20241106_052736) by extensions ['colcon_meta']
[0.096s] Level 1:colcon.colcon_core.package_identification:_identify(bag_folder20241106_052736) by extension 'colcon_meta'
[0.096s] Level 1:colcon.colcon_core.package_identification:_identify(bag_folder20241106_052736) by extensions ['ros']
[0.096s] Level 1:colcon.colcon_core.package_identification:_identify(bag_folder20241106_052736) by extension 'ros'
[0.096s] Level 1:colcon.colcon_core.package_identification:_identify(bag_folder20241106_052736) by extensions ['cmake', 'python']
[0.096s] Level 1:colcon.colcon_core.package_identification:_identify(bag_folder20241106_052736) by extension 'cmake'
[0.096s] Level 1:colcon.colcon_core.package_identification:_identify(bag_folder20241106_052736) by extension 'python'
[0.096s] Level 1:colcon.colcon_core.package_identification:_identify(bag_folder20241106_052736) by extensions ['python_setup_py']
[0.096s] Level 1:colcon.colcon_core.package_identification:_identify(bag_folder20241106_052736) by extension 'python_setup_py'
[0.096s] Level 1:colcon.colcon_core.package_identification:_identify(bag_folder20241106_065508) by extensions ['ignore', 'ignore_ament_install']
[0.096s] Level 1:colcon.colcon_core.package_identification:_identify(bag_folder20241106_065508) by extension 'ignore'
[0.096s] Level 1:colcon.colcon_core.package_identification:_identify(bag_folder20241106_065508) by extension 'ignore_ament_install'
[0.096s] Level 1:colcon.colcon_core.package_identification:_identify(bag_folder20241106_065508) by extensions ['colcon_pkg']
[0.097s] Level 1:colcon.colcon_core.package_identification:_identify(bag_folder20241106_065508) by extension 'colcon_pkg'
[0.097s] Level 1:colcon.colcon_core.package_identification:_identify(bag_folder20241106_065508) by extensions ['colcon_meta']
[0.097s] Level 1:colcon.colcon_core.package_identification:_identify(bag_folder20241106_065508) by extension 'colcon_meta'
[0.097s] Level 1:colcon.colcon_core.package_identification:_identify(bag_folder20241106_065508) by extensions ['ros']
[0.097s] Level 1:colcon.colcon_core.package_identification:_identify(bag_folder20241106_065508) by extension 'ros'
[0.097s] Level 1:colcon.colcon_core.package_identification:_identify(bag_folder20241106_065508) by extensions ['cmake', 'python']
[0.097s] Level 1:colcon.colcon_core.package_identification:_identify(bag_folder20241106_065508) by extension 'cmake'
[0.097s] Level 1:colcon.colcon_core.package_identification:_identify(bag_folder20241106_065508) by extension 'python'
[0.097s] Level 1:colcon.colcon_core.package_identification:_identify(bag_folder20241106_065508) by extensions ['python_setup_py']
[0.097s] Level 1:colcon.colcon_core.package_identification:_identify(bag_folder20241106_065508) by extension 'python_setup_py'
[0.097s] Level 1:colcon.colcon_core.package_identification:_identify(bag_folder20241106_065924) by extensions ['ignore', 'ignore_ament_install']
[0.097s] Level 1:colcon.colcon_core.package_identification:_identify(bag_folder20241106_065924) by extension 'ignore'
[0.097s] Level 1:colcon.colcon_core.package_identification:_identify(bag_folder20241106_065924) by extension 'ignore_ament_install'
[0.097s] Level 1:colcon.colcon_core.package_identification:_identify(bag_folder20241106_065924) by extensions ['colcon_pkg']
[0.097s] Level 1:colcon.colcon_core.package_identification:_identify(bag_folder20241106_065924) by extension 'colcon_pkg'
[0.097s] Level 1:colcon.colcon_core.package_identification:_identify(bag_folder20241106_065924) by extensions ['colcon_meta']
[0.097s] Level 1:colcon.colcon_core.package_identification:_identify(bag_folder20241106_065924) by extension 'colcon_meta'
[0.097s] Level 1:colcon.colcon_core.package_identification:_identify(bag_folder20241106_065924) by extensions ['ros']
[0.097s] Level 1:colcon.colcon_core.package_identification:_identify(bag_folder20241106_065924) by extension 'ros'
[0.097s] Level 1:colcon.colcon_core.package_identification:_identify(bag_folder20241106_065924) by extensions ['cmake', 'python']
[0.097s] Level 1:colcon.colcon_core.package_identification:_identify(bag_folder20241106_065924) by extension 'cmake'
[0.097s] Level 1:colcon.colcon_core.package_identification:_identify(bag_folder20241106_065924) by extension 'python'
[0.097s] Level 1:colcon.colcon_core.package_identification:_identify(bag_folder20241106_065924) by extensions ['python_setup_py']
[0.097s] Level 1:colcon.colcon_core.package_identification:_identify(bag_folder20241106_065924) by extension 'python_setup_py'
[0.097s] Level 1:colcon.colcon_core.package_identification:_identify(bag_folder20241106_070153) by extensions ['ignore', 'ignore_ament_install']
[0.097s] Level 1:colcon.colcon_core.package_identification:_identify(bag_folder20241106_070153) by extension 'ignore'
[0.097s] Level 1:colcon.colcon_core.package_identification:_identify(bag_folder20241106_070153) by extension 'ignore_ament_install'
[0.097s] Level 1:colcon.colcon_core.package_identification:_identify(bag_folder20241106_070153) by extensions ['colcon_pkg']
[0.097s] Level 1:colcon.colcon_core.package_identification:_identify(bag_folder20241106_070153) by extension 'colcon_pkg'
[0.097s] Level 1:colcon.colcon_core.package_identification:_identify(bag_folder20241106_070153) by extensions ['colcon_meta']
[0.097s] Level 1:colcon.colcon_core.package_identification:_identify(bag_folder20241106_070153) by extension 'colcon_meta'
[0.097s] Level 1:colcon.colcon_core.package_identification:_identify(bag_folder20241106_070153) by extensions ['ros']
[0.097s] Level 1:colcon.colcon_core.package_identification:_identify(bag_folder20241106_070153) by extension 'ros'
[0.097s] Level 1:colcon.colcon_core.package_identification:_identify(bag_folder20241106_070153) by extensions ['cmake', 'python']
[0.097s] Level 1:colcon.colcon_core.package_identification:_identify(bag_folder20241106_070153) by extension 'cmake'
[0.097s] Level 1:colcon.colcon_core.package_identification:_identify(bag_folder20241106_070153) by extension 'python'
[0.097s] Level 1:colcon.colcon_core.package_identification:_identify(bag_folder20241106_070153) by extensions ['python_setup_py']
[0.097s] Level 1:colcon.colcon_core.package_identification:_identify(bag_folder20241106_070153) by extension 'python_setup_py'
[0.097s] Level 1:colcon.colcon_core.package_identification:_identify(build) by extensions ['ignore', 'ignore_ament_install']
[0.097s] Level 1:colcon.colcon_core.package_identification:_identify(build) by extension 'ignore'
[0.097s] Level 1:colcon.colcon_core.package_identification:_identify(build) ignored
[0.097s] Level 1:colcon.colcon_core.package_identification:_identify(install) by extensions ['ignore', 'ignore_ament_install']
[0.097s] Level 1:colcon.colcon_core.package_identification:_identify(install) by extension 'ignore'
[0.097s] Level 1:colcon.colcon_core.package_identification:_identify(install) ignored
[0.097s] Level 1:colcon.colcon_core.package_identification:_identify(log) by extensions ['ignore', 'ignore_ament_install']
[0.098s] Level 1:colcon.colcon_core.package_identification:_identify(log) by extension 'ignore'
[0.098s] Level 1:colcon.colcon_core.package_identification:_identify(log) ignored
[0.098s] Level 1:colcon.colcon_core.package_identification:_identify(neural_networks) by extensions ['ignore', 'ignore_ament_install']
[0.098s] Level 1:colcon.colcon_core.package_identification:_identify(neural_networks) by extension 'ignore'
[0.098s] Level 1:colcon.colcon_core.package_identification:_identify(neural_networks) by extension 'ignore_ament_install'
[0.098s] Level 1:colcon.colcon_core.package_identification:_identify(neural_networks) by extensions ['colcon_pkg']
[0.098s] Level 1:colcon.colcon_core.package_identification:_identify(neural_networks) by extension 'colcon_pkg'
[0.098s] Level 1:colcon.colcon_core.package_identification:_identify(neural_networks) by extensions ['colcon_meta']
[0.098s] Level 1:colcon.colcon_core.package_identification:_identify(neural_networks) by extension 'colcon_meta'
[0.098s] Level 1:colcon.colcon_core.package_identification:_identify(neural_networks) by extensions ['ros']
[0.098s] Level 1:colcon.colcon_core.package_identification:_identify(neural_networks) by extension 'ros'
[0.098s] Level 1:colcon.colcon_core.package_identification:_identify(neural_networks) by extensions ['cmake', 'python']
[0.098s] Level 1:colcon.colcon_core.package_identification:_identify(neural_networks) by extension 'cmake'
[0.098s] Level 1:colcon.colcon_core.package_identification:_identify(neural_networks) by extension 'python'
[0.098s] Level 1:colcon.colcon_core.package_identification:_identify(neural_networks) by extensions ['python_setup_py']
[0.098s] Level 1:colcon.colcon_core.package_identification:_identify(neural_networks) by extension 'python_setup_py'
[0.098s] Level 1:colcon.colcon_core.package_identification:_identify(neural_networks/logs) by extensions ['ignore', 'ignore_ament_install']
[0.098s] Level 1:colcon.colcon_core.package_identification:_identify(neural_networks/logs) by extension 'ignore'
[0.098s] Level 1:colcon.colcon_core.package_identification:_identify(neural_networks/logs) by extension 'ignore_ament_install'
[0.098s] Level 1:colcon.colcon_core.package_identification:_identify(neural_networks/logs) by extensions ['colcon_pkg']
[0.098s] Level 1:colcon.colcon_core.package_identification:_identify(neural_networks/logs) by extension 'colcon_pkg'
[0.098s] Level 1:colcon.colcon_core.package_identification:_identify(neural_networks/logs) by extensions ['colcon_meta']
[0.098s] Level 1:colcon.colcon_core.package_identification:_identify(neural_networks/logs) by extension 'colcon_meta'
[0.098s] Level 1:colcon.colcon_core.package_identification:_identify(neural_networks/logs) by extensions ['ros']
[0.098s] Level 1:colcon.colcon_core.package_identification:_identify(neural_networks/logs) by extension 'ros'
[0.098s] Level 1:colcon.colcon_core.package_identification:_identify(neural_networks/logs) by extensions ['cmake', 'python']
[0.098s] Level 1:colcon.colcon_core.package_identification:_identify(neural_networks/logs) by extension 'cmake'
[0.098s] Level 1:colcon.colcon_core.package_identification:_identify(neural_networks/logs) by extension 'python'
[0.098s] Level 1:colcon.colcon_core.package_identification:_identify(neural_networks/logs) by extensions ['python_setup_py']
[0.098s] Level 1:colcon.colcon_core.package_identification:_identify(neural_networks/logs) by extension 'python_setup_py'
[0.098s] Level 1:colcon.colcon_core.package_identification:_identify(neural_networks/logs/predictions) by extensions ['ignore', 'ignore_ament_install']
[0.098s] Level 1:colcon.colcon_core.package_identification:_identify(neural_networks/logs/predictions) by extension 'ignore'
[0.098s] Level 1:colcon.colcon_core.package_identification:_identify(neural_networks/logs/predictions) by extension 'ignore_ament_install'
[0.098s] Level 1:colcon.colcon_core.package_identification:_identify(neural_networks/logs/predictions) by extensions ['colcon_pkg']
[0.098s] Level 1:colcon.colcon_core.package_identification:_identify(neural_networks/logs/predictions) by extension 'colcon_pkg'
[0.098s] Level 1:colcon.colcon_core.package_identification:_identify(neural_networks/logs/predictions) by extensions ['colcon_meta']
[0.098s] Level 1:colcon.colcon_core.package_identification:_identify(neural_networks/logs/predictions) by extension 'colcon_meta'
[0.098s] Level 1:colcon.colcon_core.package_identification:_identify(neural_networks/logs/predictions) by extensions ['ros']
[0.098s] Level 1:colcon.colcon_core.package_identification:_identify(neural_networks/logs/predictions) by extension 'ros'
[0.098s] Level 1:colcon.colcon_core.package_identification:_identify(neural_networks/logs/predictions) by extensions ['cmake', 'python']
[0.098s] Level 1:colcon.colcon_core.package_identification:_identify(neural_networks/logs/predictions) by extension 'cmake'
[0.098s] Level 1:colcon.colcon_core.package_identification:_identify(neural_networks/logs/predictions) by extension 'python'
[0.098s] Level 1:colcon.colcon_core.package_identification:_identify(neural_networks/logs/predictions) by extensions ['python_setup_py']
[0.098s] Level 1:colcon.colcon_core.package_identification:_identify(neural_networks/logs/predictions) by extension 'python_setup_py'
[0.098s] Level 1:colcon.colcon_core.package_identification:_identify(neural_networks/logs/predictions/train) by extensions ['ignore', 'ignore_ament_install']
[0.099s] Level 1:colcon.colcon_core.package_identification:_identify(neural_networks/logs/predictions/train) by extension 'ignore'
[0.099s] Level 1:colcon.colcon_core.package_identification:_identify(neural_networks/logs/predictions/train) by extension 'ignore_ament_install'
[0.099s] Level 1:colcon.colcon_core.package_identification:_identify(neural_networks/logs/predictions/train) by extensions ['colcon_pkg']
[0.099s] Level 1:colcon.colcon_core.package_identification:_identify(neural_networks/logs/predictions/train) by extension 'colcon_pkg'
[0.099s] Level 1:colcon.colcon_core.package_identification:_identify(neural_networks/logs/predictions/train) by extensions ['colcon_meta']
[0.099s] Level 1:colcon.colcon_core.package_identification:_identify(neural_networks/logs/predictions/train) by extension 'colcon_meta'
[0.099s] Level 1:colcon.colcon_core.package_identification:_identify(neural_networks/logs/predictions/train) by extensions ['ros']
[0.099s] Level 1:colcon.colcon_core.package_identification:_identify(neural_networks/logs/predictions/train) by extension 'ros'
[0.099s] Level 1:colcon.colcon_core.package_identification:_identify(neural_networks/logs/predictions/train) by extensions ['cmake', 'python']
[0.099s] Level 1:colcon.colcon_core.package_identification:_identify(neural_networks/logs/predictions/train) by extension 'cmake'
[0.099s] Level 1:colcon.colcon_core.package_identification:_identify(neural_networks/logs/predictions/train) by extension 'python'
[0.099s] Level 1:colcon.colcon_core.package_identification:_identify(neural_networks/logs/predictions/train) by extensions ['python_setup_py']
[0.099s] Level 1:colcon.colcon_core.package_identification:_identify(neural_networks/logs/predictions/train) by extension 'python_setup_py'
[0.099s] Level 1:colcon.colcon_core.package_identification:_identify(src) by extensions ['ignore', 'ignore_ament_install']
[0.099s] Level 1:colcon.colcon_core.package_identification:_identify(src) by extension 'ignore'
[0.099s] Level 1:colcon.colcon_core.package_identification:_identify(src) by extension 'ignore_ament_install'
[0.099s] Level 1:colcon.colcon_core.package_identification:_identify(src) by extensions ['colcon_pkg']
[0.099s] Level 1:colcon.colcon_core.package_identification:_identify(src) by extension 'colcon_pkg'
[0.099s] Level 1:colcon.colcon_core.package_identification:_identify(src) by extensions ['colcon_meta']
[0.099s] Level 1:colcon.colcon_core.package_identification:_identify(src) by extension 'colcon_meta'
[0.099s] Level 1:colcon.colcon_core.package_identification:_identify(src) by extensions ['ros']
[0.099s] Level 1:colcon.colcon_core.package_identification:_identify(src) by extension 'ros'
[0.099s] Level 1:colcon.colcon_core.package_identification:_identify(src) by extensions ['cmake', 'python']
[0.099s] Level 1:colcon.colcon_core.package_identification:_identify(src) by extension 'cmake'
[0.099s] Level 1:colcon.colcon_core.package_identification:_identify(src) by extension 'python'
[0.099s] Level 1:colcon.colcon_core.package_identification:_identify(src) by extensions ['python_setup_py']
[0.099s] Level 1:colcon.colcon_core.package_identification:_identify(src) by extension 'python_setup_py'
[0.099s] Level 1:colcon.colcon_core.package_identification:_identify(src/ros_gazebo_simulation) by extensions ['ignore', 'ignore_ament_install']
[0.099s] Level 1:colcon.colcon_core.package_identification:_identify(src/ros_gazebo_simulation) by extension 'ignore'
[0.099s] Level 1:colcon.colcon_core.package_identification:_identify(src/ros_gazebo_simulation) by extension 'ignore_ament_install'
[0.099s] Level 1:colcon.colcon_core.package_identification:_identify(src/ros_gazebo_simulation) by extensions ['colcon_pkg']
[0.099s] Level 1:colcon.colcon_core.package_identification:_identify(src/ros_gazebo_simulation) by extension 'colcon_pkg'
[0.099s] Level 1:colcon.colcon_core.package_identification:_identify(src/ros_gazebo_simulation) by extensions ['colcon_meta']
[0.099s] Level 1:colcon.colcon_core.package_identification:_identify(src/ros_gazebo_simulation) by extension 'colcon_meta'
[0.099s] Level 1:colcon.colcon_core.package_identification:_identify(src/ros_gazebo_simulation) by extensions ['ros']
[0.099s] Level 1:colcon.colcon_core.package_identification:_identify(src/ros_gazebo_simulation) by extension 'ros'
[0.101s] DEBUG:colcon.colcon_core.package_identification:Package 'src/ros_gazebo_simulation' with type 'ros.ament_python' and name 'ros_gazebo_simulation'
[0.101s] Level 1:colcon.colcon_core.package_discovery:discover_packages(recursive) using defaults
[0.101s] Level 1:colcon.colcon_core.package_discovery:discover_packages(ignore) discover
[0.101s] Level 1:colcon.colcon_core.package_discovery:discover_packages(ignore) using defaults
[0.101s] Level 1:colcon.colcon_core.package_discovery:discover_packages(path) discover
[0.101s] Level 1:colcon.colcon_core.package_discovery:discover_packages(path) using defaults
[0.111s] Level 1:colcon.colcon_core.package_discovery:discover_packages(prefix_path) check parameters
[0.111s] Level 1:colcon.colcon_core.package_discovery:discover_packages(prefix_path) discover
[0.112s] DEBUG:colcon.colcon_installed_package_information.package_discovery:Found 1 installed packages in /home/joanna/ros2_gz_sim/install
[0.112s] DEBUG:colcon.colcon_installed_package_information.package_discovery:Found 315 installed packages in /opt/ros/jazzy
[0.113s] Level 1:colcon.colcon_core.package_discovery:discover_packages(prefix_path) using defaults
[0.134s] Level 5:colcon.colcon_core.verb:set package 'ros_gazebo_simulation' build argument 'cmake_args' from command line to 'None'
[0.134s] Level 5:colcon.colcon_core.verb:set package 'ros_gazebo_simulation' build argument 'cmake_target' from command line to 'None'
[0.134s] Level 5:colcon.colcon_core.verb:set package 'ros_gazebo_simulation' build argument 'cmake_target_skip_unavailable' from command line to 'False'
[0.134s] Level 5:colcon.colcon_core.verb:set package 'ros_gazebo_simulation' build argument 'cmake_clean_cache' from command line to 'False'
[0.134s] Level 5:colcon.colcon_core.verb:set package 'ros_gazebo_simulation' build argument 'cmake_clean_first' from command line to 'False'
[0.134s] Level 5:colcon.colcon_core.verb:set package 'ros_gazebo_simulation' build argument 'cmake_force_configure' from command line to 'False'
[0.134s] Level 5:colcon.colcon_core.verb:set package 'ros_gazebo_simulation' build argument 'ament_cmake_args' from command line to 'None'
[0.134s] Level 5:colcon.colcon_core.verb:set package 'ros_gazebo_simulation' build argument 'catkin_cmake_args' from command line to 'None'
[0.134s] Level 5:colcon.colcon_core.verb:set package 'ros_gazebo_simulation' build argument 'catkin_skip_building_tests' from command line to 'False'
[0.134s] DEBUG:colcon.colcon_core.verb:Building package 'ros_gazebo_simulation' with the following arguments: {'ament_cmake_args': None, 'build_base': '/home/joanna/ros2_gz_sim/build/ros_gazebo_simulation', 'catkin_cmake_args': None, 'catkin_skip_building_tests': False, 'cmake_args': None, 'cmake_clean_cache': False, 'cmake_clean_first': False, 'cmake_force_configure': False, 'cmake_target': None, 'cmake_target_skip_unavailable': False, 'install_base': '/home/joanna/ros2_gz_sim/install/ros_gazebo_simulation', 'merge_install': False, 'path': '/home/joanna/ros2_gz_sim/src/ros_gazebo_simulation', 'symlink_install': False, 'test_result_base': None}
[0.134s] INFO:colcon.colcon_core.executor:Executing jobs using 'parallel' executor
[0.135s] DEBUG:colcon.colcon_parallel_executor.executor.parallel:run_until_complete
[0.135s] INFO:colcon.colcon_ros.task.ament_python.build:Building ROS package in '/home/joanna/ros2_gz_sim/src/ros_gazebo_simulation' with build type 'ament_python'
[0.135s] Level 1:colcon.colcon_core.shell:create_environment_hook('ros_gazebo_simulation', 'ament_prefix_path')
[0.136s] INFO:colcon.colcon_core.plugin_system:Skipping extension 'colcon_core.shell.bat': Not used on non-Windows systems
[0.136s] INFO:colcon.colcon_core.shell:Creating environment hook '/home/joanna/ros2_gz_sim/install/ros_gazebo_simulation/share/ros_gazebo_simulation/hook/ament_prefix_path.ps1'
[0.137s] INFO:colcon.colcon_core.shell:Creating environment descriptor '/home/joanna/ros2_gz_sim/install/ros_gazebo_simulation/share/ros_gazebo_simulation/hook/ament_prefix_path.dsv'
[0.137s] INFO:colcon.colcon_core.shell:Creating environment hook '/home/joanna/ros2_gz_sim/install/ros_gazebo_simulation/share/ros_gazebo_simulation/hook/ament_prefix_path.sh'
[0.137s] INFO:colcon.colcon_core.shell:Skip shell extension 'powershell' for command environment: Not usable outside of PowerShell
[0.137s] DEBUG:colcon.colcon_core.shell:Skip shell extension 'dsv' for command environment
[0.268s] INFO:colcon.colcon_core.task.python.build:Building Python package in '/home/joanna/ros2_gz_sim/src/ros_gazebo_simulation'
[0.268s] INFO:colcon.colcon_core.shell:Skip shell extension 'powershell' for command environment: Not usable outside of PowerShell
[0.268s] DEBUG:colcon.colcon_core.shell:Skip shell extension 'dsv' for command environment
[0.631s] DEBUG:colcon.colcon_core.event_handler.log_command:Invoking command in '/home/joanna/ros2_gz_sim/src/ros_gazebo_simulation': CONDA_PROMPT_MODIFIER=(base) DEBUGINFOD_URLS=https://debuginfod.ubuntu.com PYTHONPATH=/home/joanna/ros2_gz_sim/build/ros_gazebo_simulation/prefix_override:/usr/lib/python3/dist-packages/colcon_core/task/python/colcon_distutils_commands:/home/joanna/ros2_gz_sim/install/ros_gazebo_simulation/lib/python3.12/site-packages:${PYTHONPATH} /usr/bin/python3 -W ignore:setup.py install is deprecated setup.py egg_info --egg-base ../../build/ros_gazebo_simulation build --build-base /home/joanna/ros2_gz_sim/build/ros_gazebo_simulation/build install --record /home/joanna/ros2_gz_sim/build/ros_gazebo_simulation/install.log --single-version-externally-managed install_data
[0.923s] DEBUG:colcon.colcon_core.event_handler.log_command:Invoked command in '/home/joanna/ros2_gz_sim/src/ros_gazebo_simulation' returned '0': CONDA_PROMPT_MODIFIER=(base) DEBUGINFOD_URLS=https://debuginfod.ubuntu.com PYTHONPATH=/home/joanna/ros2_gz_sim/build/ros_gazebo_simulation/prefix_override:/usr/lib/python3/dist-packages/colcon_core/task/python/colcon_distutils_commands:/home/joanna/ros2_gz_sim/install/ros_gazebo_simulation/lib/python3.12/site-packages:${PYTHONPATH} /usr/bin/python3 -W ignore:setup.py install is deprecated setup.py egg_info --egg-base ../../build/ros_gazebo_simulation build --build-base /home/joanna/ros2_gz_sim/build/ros_gazebo_simulation/build install --record /home/joanna/ros2_gz_sim/build/ros_gazebo_simulation/install.log --single-version-externally-managed install_data
[0.924s] Level 1:colcon.colcon_core.environment:checking '/home/joanna/ros2_gz_sim/install/ros_gazebo_simulation' for CMake module files
[0.924s] Level 1:colcon.colcon_core.environment:checking '/home/joanna/ros2_gz_sim/install/ros_gazebo_simulation' for CMake config files
[0.925s] Level 1:colcon.colcon_core.environment:checking '/home/joanna/ros2_gz_sim/install/ros_gazebo_simulation/lib'
[0.925s] Level 1:colcon.colcon_core.environment:checking '/home/joanna/ros2_gz_sim/install/ros_gazebo_simulation/bin'
[0.925s] Level 1:colcon.colcon_core.environment:checking '/home/joanna/ros2_gz_sim/install/ros_gazebo_simulation/lib/pkgconfig/ros_gazebo_simulation.pc'
[0.925s] Level 1:colcon.colcon_core.environment:checking '/home/joanna/ros2_gz_sim/install/ros_gazebo_simulation/lib/python3.12/site-packages'
[0.925s] Level 1:colcon.colcon_core.shell:create_environment_hook('ros_gazebo_simulation', 'pythonpath')
[0.925s] INFO:colcon.colcon_core.shell:Creating environment hook '/home/joanna/ros2_gz_sim/install/ros_gazebo_simulation/share/ros_gazebo_simulation/hook/pythonpath.ps1'
[0.926s] INFO:colcon.colcon_core.shell:Creating environment descriptor '/home/joanna/ros2_gz_sim/install/ros_gazebo_simulation/share/ros_gazebo_simulation/hook/pythonpath.dsv'
[0.926s] INFO:colcon.colcon_core.shell:Creating environment hook '/home/joanna/ros2_gz_sim/install/ros_gazebo_simulation/share/ros_gazebo_simulation/hook/pythonpath.sh'
[0.926s] Level 1:colcon.colcon_core.environment:checking '/home/joanna/ros2_gz_sim/install/ros_gazebo_simulation/bin'
[0.926s] Level 1:colcon.colcon_core.environment:create_environment_scripts_only(ros_gazebo_simulation)
[0.926s] INFO:colcon.colcon_core.shell:Creating package script '/home/joanna/ros2_gz_sim/install/ros_gazebo_simulation/share/ros_gazebo_simulation/package.ps1'
[0.927s] INFO:colcon.colcon_core.shell:Creating package descriptor '/home/joanna/ros2_gz_sim/install/ros_gazebo_simulation/share/ros_gazebo_simulation/package.dsv'
[0.927s] INFO:colcon.colcon_core.shell:Creating package script '/home/joanna/ros2_gz_sim/install/ros_gazebo_simulation/share/ros_gazebo_simulation/package.sh'
[0.927s] INFO:colcon.colcon_core.shell:Creating package script '/home/joanna/ros2_gz_sim/install/ros_gazebo_simulation/share/ros_gazebo_simulation/package.bash'
[0.927s] INFO:colcon.colcon_core.shell:Creating package script '/home/joanna/ros2_gz_sim/install/ros_gazebo_simulation/share/ros_gazebo_simulation/package.zsh'
[0.928s] Level 1:colcon.colcon_core.environment:create_file_with_runtime_dependencies(/home/joanna/ros2_gz_sim/install/ros_gazebo_simulation/share/colcon-core/packages/ros_gazebo_simulation)
[0.928s] DEBUG:colcon.colcon_parallel_executor.executor.parallel:closing loop
[0.928s] DEBUG:colcon.colcon_parallel_executor.executor.parallel:loop closed
[0.928s] DEBUG:colcon.colcon_parallel_executor.executor.parallel:run_until_complete finished with '0'
[0.928s] DEBUG:colcon.colcon_core.event_reactor:joining thread
[0.932s] INFO:colcon.colcon_core.plugin_system:Skipping extension 'colcon_notification.desktop_notification.terminal_notifier': Not used on non-Darwin systems
[0.932s] INFO:colcon.colcon_core.plugin_system:Skipping extension 'colcon_notification.desktop_notification.win32': Not used on non-Windows systems
[0.932s] INFO:colcon.colcon_notification.desktop_notification:Sending desktop notification using 'notify2'
[0.946s] DEBUG:colcon.colcon_core.event_reactor:joined thread
[0.946s] INFO:colcon.colcon_core.shell:Creating prefix script '/home/joanna/ros2_gz_sim/install/local_setup.ps1'
[0.947s] INFO:colcon.colcon_core.shell:Creating prefix util module '/home/joanna/ros2_gz_sim/install/_local_setup_util_ps1.py'
[0.948s] INFO:colcon.colcon_core.shell:Creating prefix chain script '/home/joanna/ros2_gz_sim/install/setup.ps1'
[0.949s] INFO:colcon.colcon_core.shell:Creating prefix script '/home/joanna/ros2_gz_sim/install/local_setup.sh'
[0.949s] INFO:colcon.colcon_core.shell:Creating prefix util module '/home/joanna/ros2_gz_sim/install/_local_setup_util_sh.py'
[0.950s] INFO:colcon.colcon_core.shell:Creating prefix chain script '/home/joanna/ros2_gz_sim/install/setup.sh'
[0.951s] INFO:colcon.colcon_core.shell:Creating prefix script '/home/joanna/ros2_gz_sim/install/local_setup.bash'
[0.951s] INFO:colcon.colcon_core.shell:Creating prefix chain script '/home/joanna/ros2_gz_sim/install/setup.bash'
[0.952s] INFO:colcon.colcon_core.shell:Creating prefix script '/home/joanna/ros2_gz_sim/install/local_setup.zsh'
[0.952s] INFO:colcon.colcon_core.shell:Creating prefix chain script '/home/joanna/ros2_gz_sim/install/setup.zsh'
