[0.145s] DEBUG:colcon:Command line arguments: ['/usr/bin/colcon', 'list', '-p', '--base-paths', '/home/joanna/ros2_gz_sim']
[0.145s] DEBUG:colcon:Parsed command line arguments: Namespace(log_base=None, log_level=None, verb_name='list', build_base='build', ignore_user_meta=False, metas=['./colcon.meta'], base_paths=['/home/joanna/ros2_gz_sim'], packages_ignore=None, packages_ignore_regex=None, paths=None, packages_up_to=None, packages_up_to_regex=None, packages_above=None, packages_above_and_dependencies=None, packages_above_depth=None, packages_select_by_dep=None, packages_skip_by_dep=None, packages_skip_up_to=None, packages_select_build_failed=False, packages_skip_build_finished=False, packages_select_test_failures=False, packages_skip_test_passed=False, packages_select=None, packages_skip=None, packages_select_regex=None, packages_skip_regex=None, packages_start=None, packages_end=None, allow_overriding=[], topological_order=False, names_only=False, paths_only=True, topological_graph=False, topological_graph_dot=False, topological_graph_density=False, topological_graph_legend=False, topological_graph_dot_cluster=False, topological_graph_dot_include_skipped=False, mixin_files=None, mixin=None, verb_parser=<colcon_mixin.mixin.mixin_argument.MixinArgumentDecorator object at 0x7b2f08bb56a0>, verb_extension=<colcon_package_information.verb.list.ListVerb object at 0x7b2f08bb4950>, main=<bound method ListVerb.main of <colcon_package_information.verb.list.ListVerb object at 0x7b2f08bb4950>>, mixin_verb=('list',))
[0.188s] Level 1:colcon.colcon_core.package_discovery:discover_packages(colcon_meta) check parameters
[0.189s] Level 1:colcon.colcon_core.package_discovery:discover_packages(recursive) check parameters
[0.189s] Level 1:colcon.colcon_core.package_discovery:discover_packages(ignore) check parameters
[0.189s] Level 1:colcon.colcon_core.package_discovery:discover_packages(path) check parameters
[0.189s] Level 1:colcon.colcon_core.package_discovery:discover_packages(recursive) discover
[0.189s] INFO:colcon.colcon_core.package_discovery:Crawling recursively for packages in '/home/joanna/ros2_gz_sim'
[0.189s] Level 1:colcon.colcon_core.package_identification:_identify(/home/joanna/ros2_gz_sim) by extensions ['ignore', 'ignore_ament_install']
[0.189s] Level 1:colcon.colcon_core.package_identification:_identify(/home/joanna/ros2_gz_sim) by extension 'ignore'
[0.189s] Level 1:colcon.colcon_core.package_identification:_identify(/home/joanna/ros2_gz_sim) by extension 'ignore_ament_install'
[0.189s] Level 1:colcon.colcon_core.package_identification:_identify(/home/joanna/ros2_gz_sim) by extensions ['colcon_pkg']
[0.189s] Level 1:colcon.colcon_core.package_identification:_identify(/home/joanna/ros2_gz_sim) by extension 'colcon_pkg'
[0.190s] Level 1:colcon.colcon_core.package_identification:_identify(/home/joanna/ros2_gz_sim) by extensions ['colcon_meta']
[0.190s] Level 1:colcon.colcon_core.package_identification:_identify(/home/joanna/ros2_gz_sim) by extension 'colcon_meta'
[0.190s] Level 1:colcon.colcon_core.package_identification:_identify(/home/joanna/ros2_gz_sim) by extensions ['ros']
[0.190s] Level 1:colcon.colcon_core.package_identification:_identify(/home/joanna/ros2_gz_sim) by extension 'ros'
[0.228s] Level 1:colcon.colcon_core.package_identification:_identify(/home/joanna/ros2_gz_sim) by extensions ['cmake', 'python']
[0.228s] Level 1:colcon.colcon_core.package_identification:_identify(/home/joanna/ros2_gz_sim) by extension 'cmake'
[0.228s] Level 1:colcon.colcon_core.package_identification:_identify(/home/joanna/ros2_gz_sim) by extension 'python'
[0.228s] Level 1:colcon.colcon_core.package_identification:_identify(/home/joanna/ros2_gz_sim) by extensions ['python_setup_py']
[0.228s] Level 1:colcon.colcon_core.package_identification:_identify(/home/joanna/ros2_gz_sim) by extension 'python_setup_py'
[0.228s] Level 1:colcon.colcon_core.package_identification:_identify(/home/joanna/ros2_gz_sim/bag_folder20241110_185306) by extensions ['ignore', 'ignore_ament_install']
[0.228s] Level 1:colcon.colcon_core.package_identification:_identify(/home/joanna/ros2_gz_sim/bag_folder20241110_185306) by extension 'ignore'
[0.229s] Level 1:colcon.colcon_core.package_identification:_identify(/home/joanna/ros2_gz_sim/bag_folder20241110_185306) by extension 'ignore_ament_install'
[0.229s] Level 1:colcon.colcon_core.package_identification:_identify(/home/joanna/ros2_gz_sim/bag_folder20241110_185306) by extensions ['colcon_pkg']
[0.229s] Level 1:colcon.colcon_core.package_identification:_identify(/home/joanna/ros2_gz_sim/bag_folder20241110_185306) by extension 'colcon_pkg'
[0.229s] Level 1:colcon.colcon_core.package_identification:_identify(/home/joanna/ros2_gz_sim/bag_folder20241110_185306) by extensions ['colcon_meta']
[0.229s] Level 1:colcon.colcon_core.package_identification:_identify(/home/joanna/ros2_gz_sim/bag_folder20241110_185306) by extension 'colcon_meta'
[0.229s] Level 1:colcon.colcon_core.package_identification:_identify(/home/joanna/ros2_gz_sim/bag_folder20241110_185306) by extensions ['ros']
[0.229s] Level 1:colcon.colcon_core.package_identification:_identify(/home/joanna/ros2_gz_sim/bag_folder20241110_185306) by extension 'ros'
[0.229s] Level 1:colcon.colcon_core.package_identification:_identify(/home/joanna/ros2_gz_sim/bag_folder20241110_185306) by extensions ['cmake', 'python']
[0.229s] Level 1:colcon.colcon_core.package_identification:_identify(/home/joanna/ros2_gz_sim/bag_folder20241110_185306) by extension 'cmake'
[0.229s] Level 1:colcon.colcon_core.package_identification:_identify(/home/joanna/ros2_gz_sim/bag_folder20241110_185306) by extension 'python'
[0.229s] Level 1:colcon.colcon_core.package_identification:_identify(/home/joanna/ros2_gz_sim/bag_folder20241110_185306) by extensions ['python_setup_py']
[0.229s] Level 1:colcon.colcon_core.package_identification:_identify(/home/joanna/ros2_gz_sim/bag_folder20241110_185306) by extension 'python_setup_py'
[0.229s] Level 1:colcon.colcon_core.package_identification:_identify(/home/joanna/ros2_gz_sim/bag_folder20241110_192023) by extensions ['ignore', 'ignore_ament_install']
[0.229s] Level 1:colcon.colcon_core.package_identification:_identify(/home/joanna/ros2_gz_sim/bag_folder20241110_192023) by extension 'ignore'
[0.230s] Level 1:colcon.colcon_core.package_identification:_identify(/home/joanna/ros2_gz_sim/bag_folder20241110_192023) by extension 'ignore_ament_install'
[0.230s] Level 1:colcon.colcon_core.package_identification:_identify(/home/joanna/ros2_gz_sim/bag_folder20241110_192023) by extensions ['colcon_pkg']
[0.230s] Level 1:colcon.colcon_core.package_identification:_identify(/home/joanna/ros2_gz_sim/bag_folder20241110_192023) by extension 'colcon_pkg'
[0.230s] Level 1:colcon.colcon_core.package_identification:_identify(/home/joanna/ros2_gz_sim/bag_folder20241110_192023) by extensions ['colcon_meta']
[0.230s] Level 1:colcon.colcon_core.package_identification:_identify(/home/joanna/ros2_gz_sim/bag_folder20241110_192023) by extension 'colcon_meta'
[0.230s] Level 1:colcon.colcon_core.package_identification:_identify(/home/joanna/ros2_gz_sim/bag_folder20241110_192023) by extensions ['ros']
[0.230s] Level 1:colcon.colcon_core.package_identification:_identify(/home/joanna/ros2_gz_sim/bag_folder20241110_192023) by extension 'ros'
[0.230s] Level 1:colcon.colcon_core.package_identification:_identify(/home/joanna/ros2_gz_sim/bag_folder20241110_192023) by extensions ['cmake', 'python']
[0.230s] Level 1:colcon.colcon_core.package_identification:_identify(/home/joanna/ros2_gz_sim/bag_folder20241110_192023) by extension 'cmake'
[0.230s] Level 1:colcon.colcon_core.package_identification:_identify(/home/joanna/ros2_gz_sim/bag_folder20241110_192023) by extension 'python'
[0.230s] Level 1:colcon.colcon_core.package_identification:_identify(/home/joanna/ros2_gz_sim/bag_folder20241110_192023) by extensions ['python_setup_py']
[0.230s] Level 1:colcon.colcon_core.package_identification:_identify(/home/joanna/ros2_gz_sim/bag_folder20241110_192023) by extension 'python_setup_py'
[0.230s] Level 1:colcon.colcon_core.package_identification:_identify(/home/joanna/ros2_gz_sim/bag_folder20241110_193150) by extensions ['ignore', 'ignore_ament_install']
[0.230s] Level 1:colcon.colcon_core.package_identification:_identify(/home/joanna/ros2_gz_sim/bag_folder20241110_193150) by extension 'ignore'
[0.231s] Level 1:colcon.colcon_core.package_identification:_identify(/home/joanna/ros2_gz_sim/bag_folder20241110_193150) by extension 'ignore_ament_install'
[0.231s] Level 1:colcon.colcon_core.package_identification:_identify(/home/joanna/ros2_gz_sim/bag_folder20241110_193150) by extensions ['colcon_pkg']
[0.231s] Level 1:colcon.colcon_core.package_identification:_identify(/home/joanna/ros2_gz_sim/bag_folder20241110_193150) by extension 'colcon_pkg'
[0.231s] Level 1:colcon.colcon_core.package_identification:_identify(/home/joanna/ros2_gz_sim/bag_folder20241110_193150) by extensions ['colcon_meta']
[0.231s] Level 1:colcon.colcon_core.package_identification:_identify(/home/joanna/ros2_gz_sim/bag_folder20241110_193150) by extension 'colcon_meta'
[0.231s] Level 1:colcon.colcon_core.package_identification:_identify(/home/joanna/ros2_gz_sim/bag_folder20241110_193150) by extensions ['ros']
[0.231s] Level 1:colcon.colcon_core.package_identification:_identify(/home/joanna/ros2_gz_sim/bag_folder20241110_193150) by extension 'ros'
[0.231s] Level 1:colcon.colcon_core.package_identification:_identify(/home/joanna/ros2_gz_sim/bag_folder20241110_193150) by extensions ['cmake', 'python']
[0.231s] Level 1:colcon.colcon_core.package_identification:_identify(/home/joanna/ros2_gz_sim/bag_folder20241110_193150) by extension 'cmake'
[0.231s] Level 1:colcon.colcon_core.package_identification:_identify(/home/joanna/ros2_gz_sim/bag_folder20241110_193150) by extension 'python'
[0.231s] Level 1:colcon.colcon_core.package_identification:_identify(/home/joanna/ros2_gz_sim/bag_folder20241110_193150) by extensions ['python_setup_py']
[0.231s] Level 1:colcon.colcon_core.package_identification:_identify(/home/joanna/ros2_gz_sim/bag_folder20241110_193150) by extension 'python_setup_py'
[0.231s] Level 1:colcon.colcon_core.package_identification:_identify(/home/joanna/ros2_gz_sim/bag_folder20241110_203536) by extensions ['ignore', 'ignore_ament_install']
[0.231s] Level 1:colcon.colcon_core.package_identification:_identify(/home/joanna/ros2_gz_sim/bag_folder20241110_203536) by extension 'ignore'
[0.231s] Level 1:colcon.colcon_core.package_identification:_identify(/home/joanna/ros2_gz_sim/bag_folder20241110_203536) by extension 'ignore_ament_install'
[0.231s] Level 1:colcon.colcon_core.package_identification:_identify(/home/joanna/ros2_gz_sim/bag_folder20241110_203536) by extensions ['colcon_pkg']
[0.231s] Level 1:colcon.colcon_core.package_identification:_identify(/home/joanna/ros2_gz_sim/bag_folder20241110_203536) by extension 'colcon_pkg'
[0.232s] Level 1:colcon.colcon_core.package_identification:_identify(/home/joanna/ros2_gz_sim/bag_folder20241110_203536) by extensions ['colcon_meta']
[0.232s] Level 1:colcon.colcon_core.package_identification:_identify(/home/joanna/ros2_gz_sim/bag_folder20241110_203536) by extension 'colcon_meta'
[0.232s] Level 1:colcon.colcon_core.package_identification:_identify(/home/joanna/ros2_gz_sim/bag_folder20241110_203536) by extensions ['ros']
[0.232s] Level 1:colcon.colcon_core.package_identification:_identify(/home/joanna/ros2_gz_sim/bag_folder20241110_203536) by extension 'ros'
[0.232s] Level 1:colcon.colcon_core.package_identification:_identify(/home/joanna/ros2_gz_sim/bag_folder20241110_203536) by extensions ['cmake', 'python']
[0.232s] Level 1:colcon.colcon_core.package_identification:_identify(/home/joanna/ros2_gz_sim/bag_folder20241110_203536) by extension 'cmake'
[0.232s] Level 1:colcon.colcon_core.package_identification:_identify(/home/joanna/ros2_gz_sim/bag_folder20241110_203536) by extension 'python'
[0.232s] Level 1:colcon.colcon_core.package_identification:_identify(/home/joanna/ros2_gz_sim/bag_folder20241110_203536) by extensions ['python_setup_py']
[0.232s] Level 1:colcon.colcon_core.package_identification:_identify(/home/joanna/ros2_gz_sim/bag_folder20241110_203536) by extension 'python_setup_py'
[0.232s] Level 1:colcon.colcon_core.package_identification:_identify(/home/joanna/ros2_gz_sim/bag_folder20241110_210318) by extensions ['ignore', 'ignore_ament_install']
[0.232s] Level 1:colcon.colcon_core.package_identification:_identify(/home/joanna/ros2_gz_sim/bag_folder20241110_210318) by extension 'ignore'
[0.232s] Level 1:colcon.colcon_core.package_identification:_identify(/home/joanna/ros2_gz_sim/bag_folder20241110_210318) by extension 'ignore_ament_install'
[0.233s] Level 1:colcon.colcon_core.package_identification:_identify(/home/joanna/ros2_gz_sim/bag_folder20241110_210318) by extensions ['colcon_pkg']
[0.233s] Level 1:colcon.colcon_core.package_identification:_identify(/home/joanna/ros2_gz_sim/bag_folder20241110_210318) by extension 'colcon_pkg'
[0.233s] Level 1:colcon.colcon_core.package_identification:_identify(/home/joanna/ros2_gz_sim/bag_folder20241110_210318) by extensions ['colcon_meta']
[0.233s] Level 1:colcon.colcon_core.package_identification:_identify(/home/joanna/ros2_gz_sim/bag_folder20241110_210318) by extension 'colcon_meta'
[0.233s] Level 1:colcon.colcon_core.package_identification:_identify(/home/joanna/ros2_gz_sim/bag_folder20241110_210318) by extensions ['ros']
[0.233s] Level 1:colcon.colcon_core.package_identification:_identify(/home/joanna/ros2_gz_sim/bag_folder20241110_210318) by extension 'ros'
[0.233s] Level 1:colcon.colcon_core.package_identification:_identify(/home/joanna/ros2_gz_sim/bag_folder20241110_210318) by extensions ['cmake', 'python']
[0.233s] Level 1:colcon.colcon_core.package_identification:_identify(/home/joanna/ros2_gz_sim/bag_folder20241110_210318) by extension 'cmake'
[0.233s] Level 1:colcon.colcon_core.package_identification:_identify(/home/joanna/ros2_gz_sim/bag_folder20241110_210318) by extension 'python'
[0.233s] Level 1:colcon.colcon_core.package_identification:_identify(/home/joanna/ros2_gz_sim/bag_folder20241110_210318) by extensions ['python_setup_py']
[0.233s] Level 1:colcon.colcon_core.package_identification:_identify(/home/joanna/ros2_gz_sim/bag_folder20241110_210318) by extension 'python_setup_py'
[0.233s] Level 1:colcon.colcon_core.package_identification:_identify(/home/joanna/ros2_gz_sim/bag_folder20241110_211404) by extensions ['ignore', 'ignore_ament_install']
[0.233s] Level 1:colcon.colcon_core.package_identification:_identify(/home/joanna/ros2_gz_sim/bag_folder20241110_211404) by extension 'ignore'
[0.233s] Level 1:colcon.colcon_core.package_identification:_identify(/home/joanna/ros2_gz_sim/bag_folder20241110_211404) by extension 'ignore_ament_install'
[0.233s] Level 1:colcon.colcon_core.package_identification:_identify(/home/joanna/ros2_gz_sim/bag_folder20241110_211404) by extensions ['colcon_pkg']
[0.233s] Level 1:colcon.colcon_core.package_identification:_identify(/home/joanna/ros2_gz_sim/bag_folder20241110_211404) by extension 'colcon_pkg'
[0.233s] Level 1:colcon.colcon_core.package_identification:_identify(/home/joanna/ros2_gz_sim/bag_folder20241110_211404) by extensions ['colcon_meta']
[0.233s] Level 1:colcon.colcon_core.package_identification:_identify(/home/joanna/ros2_gz_sim/bag_folder20241110_211404) by extension 'colcon_meta'
[0.233s] Level 1:colcon.colcon_core.package_identification:_identify(/home/joanna/ros2_gz_sim/bag_folder20241110_211404) by extensions ['ros']
[0.234s] Level 1:colcon.colcon_core.package_identification:_identify(/home/joanna/ros2_gz_sim/bag_folder20241110_211404) by extension 'ros'
[0.234s] Level 1:colcon.colcon_core.package_identification:_identify(/home/joanna/ros2_gz_sim/bag_folder20241110_211404) by extensions ['cmake', 'python']
[0.234s] Level 1:colcon.colcon_core.package_identification:_identify(/home/joanna/ros2_gz_sim/bag_folder20241110_211404) by extension 'cmake'
[0.234s] Level 1:colcon.colcon_core.package_identification:_identify(/home/joanna/ros2_gz_sim/bag_folder20241110_211404) by extension 'python'
[0.234s] Level 1:colcon.colcon_core.package_identification:_identify(/home/joanna/ros2_gz_sim/bag_folder20241110_211404) by extensions ['python_setup_py']
[0.234s] Level 1:colcon.colcon_core.package_identification:_identify(/home/joanna/ros2_gz_sim/bag_folder20241110_211404) by extension 'python_setup_py'
[0.234s] Level 1:colcon.colcon_core.package_identification:_identify(/home/joanna/ros2_gz_sim/bag_folder20241110_212457) by extensions ['ignore', 'ignore_ament_install']
[0.234s] Level 1:colcon.colcon_core.package_identification:_identify(/home/joanna/ros2_gz_sim/bag_folder20241110_212457) by extension 'ignore'
[0.234s] Level 1:colcon.colcon_core.package_identification:_identify(/home/joanna/ros2_gz_sim/bag_folder20241110_212457) by extension 'ignore_ament_install'
[0.234s] Level 1:colcon.colcon_core.package_identification:_identify(/home/joanna/ros2_gz_sim/bag_folder20241110_212457) by extensions ['colcon_pkg']
[0.234s] Level 1:colcon.colcon_core.package_identification:_identify(/home/joanna/ros2_gz_sim/bag_folder20241110_212457) by extension 'colcon_pkg'
[0.234s] Level 1:colcon.colcon_core.package_identification:_identify(/home/joanna/ros2_gz_sim/bag_folder20241110_212457) by extensions ['colcon_meta']
[0.234s] Level 1:colcon.colcon_core.package_identification:_identify(/home/joanna/ros2_gz_sim/bag_folder20241110_212457) by extension 'colcon_meta'
[0.234s] Level 1:colcon.colcon_core.package_identification:_identify(/home/joanna/ros2_gz_sim/bag_folder20241110_212457) by extensions ['ros']
[0.234s] Level 1:colcon.colcon_core.package_identification:_identify(/home/joanna/ros2_gz_sim/bag_folder20241110_212457) by extension 'ros'
[0.234s] Level 1:colcon.colcon_core.package_identification:_identify(/home/joanna/ros2_gz_sim/bag_folder20241110_212457) by extensions ['cmake', 'python']
[0.234s] Level 1:colcon.colcon_core.package_identification:_identify(/home/joanna/ros2_gz_sim/bag_folder20241110_212457) by extension 'cmake'
[0.235s] Level 1:colcon.colcon_core.package_identification:_identify(/home/joanna/ros2_gz_sim/bag_folder20241110_212457) by extension 'python'
[0.235s] Level 1:colcon.colcon_core.package_identification:_identify(/home/joanna/ros2_gz_sim/bag_folder20241110_212457) by extensions ['python_setup_py']
[0.235s] Level 1:colcon.colcon_core.package_identification:_identify(/home/joanna/ros2_gz_sim/bag_folder20241110_212457) by extension 'python_setup_py'
[0.235s] Level 1:colcon.colcon_core.package_identification:_identify(/home/joanna/ros2_gz_sim/build) by extensions ['ignore', 'ignore_ament_install']
[0.235s] Level 1:colcon.colcon_core.package_identification:_identify(/home/joanna/ros2_gz_sim/build) by extension 'ignore'
[0.235s] Level 1:colcon.colcon_core.package_identification:_identify(/home/joanna/ros2_gz_sim/build) ignored
[0.235s] Level 1:colcon.colcon_core.package_identification:_identify(/home/joanna/ros2_gz_sim/install) by extensions ['ignore', 'ignore_ament_install']
[0.235s] Level 1:colcon.colcon_core.package_identification:_identify(/home/joanna/ros2_gz_sim/install) by extension 'ignore'
[0.235s] Level 1:colcon.colcon_core.package_identification:_identify(/home/joanna/ros2_gz_sim/install) ignored
[0.235s] Level 1:colcon.colcon_core.package_identification:_identify(/home/joanna/ros2_gz_sim/jakcostegomoznaniedwaac) by extensions ['ignore', 'ignore_ament_install']
[0.235s] Level 1:colcon.colcon_core.package_identification:_identify(/home/joanna/ros2_gz_sim/jakcostegomoznaniedwaac) by extension 'ignore'
[0.235s] Level 1:colcon.colcon_core.package_identification:_identify(/home/joanna/ros2_gz_sim/jakcostegomoznaniedwaac) by extension 'ignore_ament_install'
[0.235s] Level 1:colcon.colcon_core.package_identification:_identify(/home/joanna/ros2_gz_sim/jakcostegomoznaniedwaac) by extensions ['colcon_pkg']
[0.235s] Level 1:colcon.colcon_core.package_identification:_identify(/home/joanna/ros2_gz_sim/jakcostegomoznaniedwaac) by extension 'colcon_pkg'
[0.236s] Level 1:colcon.colcon_core.package_identification:_identify(/home/joanna/ros2_gz_sim/jakcostegomoznaniedwaac) by extensions ['colcon_meta']
[0.236s] Level 1:colcon.colcon_core.package_identification:_identify(/home/joanna/ros2_gz_sim/jakcostegomoznaniedwaac) by extension 'colcon_meta'
[0.236s] Level 1:colcon.colcon_core.package_identification:_identify(/home/joanna/ros2_gz_sim/jakcostegomoznaniedwaac) by extensions ['ros']
[0.236s] Level 1:colcon.colcon_core.package_identification:_identify(/home/joanna/ros2_gz_sim/jakcostegomoznaniedwaac) by extension 'ros'
[0.236s] Level 1:colcon.colcon_core.package_identification:_identify(/home/joanna/ros2_gz_sim/jakcostegomoznaniedwaac) by extensions ['cmake', 'python']
[0.236s] Level 1:colcon.colcon_core.package_identification:_identify(/home/joanna/ros2_gz_sim/jakcostegomoznaniedwaac) by extension 'cmake'
[0.236s] Level 1:colcon.colcon_core.package_identification:_identify(/home/joanna/ros2_gz_sim/jakcostegomoznaniedwaac) by extension 'python'
[0.236s] Level 1:colcon.colcon_core.package_identification:_identify(/home/joanna/ros2_gz_sim/jakcostegomoznaniedwaac) by extensions ['python_setup_py']
[0.236s] Level 1:colcon.colcon_core.package_identification:_identify(/home/joanna/ros2_gz_sim/jakcostegomoznaniedwaac) by extension 'python_setup_py'
[0.236s] Level 1:colcon.colcon_core.package_identification:_identify(/home/joanna/ros2_gz_sim/log) by extensions ['ignore', 'ignore_ament_install']
[0.236s] Level 1:colcon.colcon_core.package_identification:_identify(/home/joanna/ros2_gz_sim/log) by extension 'ignore'
[0.236s] Level 1:colcon.colcon_core.package_identification:_identify(/home/joanna/ros2_gz_sim/log) ignored
[0.236s] Level 1:colcon.colcon_core.package_identification:_identify(/home/joanna/ros2_gz_sim/neural_networks) by extensions ['ignore', 'ignore_ament_install']
[0.237s] Level 1:colcon.colcon_core.package_identification:_identify(/home/joanna/ros2_gz_sim/neural_networks) by extension 'ignore'
[0.237s] Level 1:colcon.colcon_core.package_identification:_identify(/home/joanna/ros2_gz_sim/neural_networks) by extension 'ignore_ament_install'
[0.237s] Level 1:colcon.colcon_core.package_identification:_identify(/home/joanna/ros2_gz_sim/neural_networks) by extensions ['colcon_pkg']
[0.237s] Level 1:colcon.colcon_core.package_identification:_identify(/home/joanna/ros2_gz_sim/neural_networks) by extension 'colcon_pkg'
[0.237s] Level 1:colcon.colcon_core.package_identification:_identify(/home/joanna/ros2_gz_sim/neural_networks) by extensions ['colcon_meta']
[0.237s] Level 1:colcon.colcon_core.package_identification:_identify(/home/joanna/ros2_gz_sim/neural_networks) by extension 'colcon_meta'
[0.237s] Level 1:colcon.colcon_core.package_identification:_identify(/home/joanna/ros2_gz_sim/neural_networks) by extensions ['ros']
[0.237s] Level 1:colcon.colcon_core.package_identification:_identify(/home/joanna/ros2_gz_sim/neural_networks) by extension 'ros'
[0.237s] Level 1:colcon.colcon_core.package_identification:_identify(/home/joanna/ros2_gz_sim/neural_networks) by extensions ['cmake', 'python']
[0.237s] Level 1:colcon.colcon_core.package_identification:_identify(/home/joanna/ros2_gz_sim/neural_networks) by extension 'cmake'
[0.237s] Level 1:colcon.colcon_core.package_identification:_identify(/home/joanna/ros2_gz_sim/neural_networks) by extension 'python'
[0.237s] Level 1:colcon.colcon_core.package_identification:_identify(/home/joanna/ros2_gz_sim/neural_networks) by extensions ['python_setup_py']
[0.237s] Level 1:colcon.colcon_core.package_identification:_identify(/home/joanna/ros2_gz_sim/neural_networks) by extension 'python_setup_py'
[0.237s] Level 1:colcon.colcon_core.package_identification:_identify(/home/joanna/ros2_gz_sim/neural_networks/logs) by extensions ['ignore', 'ignore_ament_install']
[0.237s] Level 1:colcon.colcon_core.package_identification:_identify(/home/joanna/ros2_gz_sim/neural_networks/logs) by extension 'ignore'
[0.237s] Level 1:colcon.colcon_core.package_identification:_identify(/home/joanna/ros2_gz_sim/neural_networks/logs) by extension 'ignore_ament_install'
[0.237s] Level 1:colcon.colcon_core.package_identification:_identify(/home/joanna/ros2_gz_sim/neural_networks/logs) by extensions ['colcon_pkg']
[0.238s] Level 1:colcon.colcon_core.package_identification:_identify(/home/joanna/ros2_gz_sim/neural_networks/logs) by extension 'colcon_pkg'
[0.238s] Level 1:colcon.colcon_core.package_identification:_identify(/home/joanna/ros2_gz_sim/neural_networks/logs) by extensions ['colcon_meta']
[0.238s] Level 1:colcon.colcon_core.package_identification:_identify(/home/joanna/ros2_gz_sim/neural_networks/logs) by extension 'colcon_meta'
[0.238s] Level 1:colcon.colcon_core.package_identification:_identify(/home/joanna/ros2_gz_sim/neural_networks/logs) by extensions ['ros']
[0.238s] Level 1:colcon.colcon_core.package_identification:_identify(/home/joanna/ros2_gz_sim/neural_networks/logs) by extension 'ros'
[0.238s] Level 1:colcon.colcon_core.package_identification:_identify(/home/joanna/ros2_gz_sim/neural_networks/logs) by extensions ['cmake', 'python']
[0.238s] Level 1:colcon.colcon_core.package_identification:_identify(/home/joanna/ros2_gz_sim/neural_networks/logs) by extension 'cmake'
[0.238s] Level 1:colcon.colcon_core.package_identification:_identify(/home/joanna/ros2_gz_sim/neural_networks/logs) by extension 'python'
[0.238s] Level 1:colcon.colcon_core.package_identification:_identify(/home/joanna/ros2_gz_sim/neural_networks/logs) by extensions ['python_setup_py']
[0.238s] Level 1:colcon.colcon_core.package_identification:_identify(/home/joanna/ros2_gz_sim/neural_networks/logs) by extension 'python_setup_py'
[0.238s] Level 1:colcon.colcon_core.package_identification:_identify(/home/joanna/ros2_gz_sim/neural_networks/logs/predictions) by extensions ['ignore', 'ignore_ament_install']
[0.238s] Level 1:colcon.colcon_core.package_identification:_identify(/home/joanna/ros2_gz_sim/neural_networks/logs/predictions) by extension 'ignore'
[0.238s] Level 1:colcon.colcon_core.package_identification:_identify(/home/joanna/ros2_gz_sim/neural_networks/logs/predictions) by extension 'ignore_ament_install'
[0.238s] Level 1:colcon.colcon_core.package_identification:_identify(/home/joanna/ros2_gz_sim/neural_networks/logs/predictions) by extensions ['colcon_pkg']
[0.238s] Level 1:colcon.colcon_core.package_identification:_identify(/home/joanna/ros2_gz_sim/neural_networks/logs/predictions) by extension 'colcon_pkg'
[0.238s] Level 1:colcon.colcon_core.package_identification:_identify(/home/joanna/ros2_gz_sim/neural_networks/logs/predictions) by extensions ['colcon_meta']
[0.239s] Level 1:colcon.colcon_core.package_identification:_identify(/home/joanna/ros2_gz_sim/neural_networks/logs/predictions) by extension 'colcon_meta'
[0.239s] Level 1:colcon.colcon_core.package_identification:_identify(/home/joanna/ros2_gz_sim/neural_networks/logs/predictions) by extensions ['ros']
[0.239s] Level 1:colcon.colcon_core.package_identification:_identify(/home/joanna/ros2_gz_sim/neural_networks/logs/predictions) by extension 'ros'
[0.239s] Level 1:colcon.colcon_core.package_identification:_identify(/home/joanna/ros2_gz_sim/neural_networks/logs/predictions) by extensions ['cmake', 'python']
[0.239s] Level 1:colcon.colcon_core.package_identification:_identify(/home/joanna/ros2_gz_sim/neural_networks/logs/predictions) by extension 'cmake'
[0.239s] Level 1:colcon.colcon_core.package_identification:_identify(/home/joanna/ros2_gz_sim/neural_networks/logs/predictions) by extension 'python'
[0.239s] Level 1:colcon.colcon_core.package_identification:_identify(/home/joanna/ros2_gz_sim/neural_networks/logs/predictions) by extensions ['python_setup_py']
[0.239s] Level 1:colcon.colcon_core.package_identification:_identify(/home/joanna/ros2_gz_sim/neural_networks/logs/predictions) by extension 'python_setup_py'
[0.239s] Level 1:colcon.colcon_core.package_identification:_identify(/home/joanna/ros2_gz_sim/neural_networks/logs/predictions/train) by extensions ['ignore', 'ignore_ament_install']
[0.239s] Level 1:colcon.colcon_core.package_identification:_identify(/home/joanna/ros2_gz_sim/neural_networks/logs/predictions/train) by extension 'ignore'
[0.239s] Level 1:colcon.colcon_core.package_identification:_identify(/home/joanna/ros2_gz_sim/neural_networks/logs/predictions/train) by extension 'ignore_ament_install'
[0.239s] Level 1:colcon.colcon_core.package_identification:_identify(/home/joanna/ros2_gz_sim/neural_networks/logs/predictions/train) by extensions ['colcon_pkg']
[0.239s] Level 1:colcon.colcon_core.package_identification:_identify(/home/joanna/ros2_gz_sim/neural_networks/logs/predictions/train) by extension 'colcon_pkg'
[0.239s] Level 1:colcon.colcon_core.package_identification:_identify(/home/joanna/ros2_gz_sim/neural_networks/logs/predictions/train) by extensions ['colcon_meta']
[0.239s] Level 1:colcon.colcon_core.package_identification:_identify(/home/joanna/ros2_gz_sim/neural_networks/logs/predictions/train) by extension 'colcon_meta'
[0.239s] Level 1:colcon.colcon_core.package_identification:_identify(/home/joanna/ros2_gz_sim/neural_networks/logs/predictions/train) by extensions ['ros']
[0.240s] Level 1:colcon.colcon_core.package_identification:_identify(/home/joanna/ros2_gz_sim/neural_networks/logs/predictions/train) by extension 'ros'
[0.240s] Level 1:colcon.colcon_core.package_identification:_identify(/home/joanna/ros2_gz_sim/neural_networks/logs/predictions/train) by extensions ['cmake', 'python']
[0.240s] Level 1:colcon.colcon_core.package_identification:_identify(/home/joanna/ros2_gz_sim/neural_networks/logs/predictions/train) by extension 'cmake'
[0.240s] Level 1:colcon.colcon_core.package_identification:_identify(/home/joanna/ros2_gz_sim/neural_networks/logs/predictions/train) by extension 'python'
[0.240s] Level 1:colcon.colcon_core.package_identification:_identify(/home/joanna/ros2_gz_sim/neural_networks/logs/predictions/train) by extensions ['python_setup_py']
[0.240s] Level 1:colcon.colcon_core.package_identification:_identify(/home/joanna/ros2_gz_sim/neural_networks/logs/predictions/train) by extension 'python_setup_py'
[0.240s] Level 1:colcon.colcon_core.package_identification:_identify(/home/joanna/ros2_gz_sim/src) by extensions ['ignore', 'ignore_ament_install']
[0.240s] Level 1:colcon.colcon_core.package_identification:_identify(/home/joanna/ros2_gz_sim/src) by extension 'ignore'
[0.240s] Level 1:colcon.colcon_core.package_identification:_identify(/home/joanna/ros2_gz_sim/src) by extension 'ignore_ament_install'
[0.240s] Level 1:colcon.colcon_core.package_identification:_identify(/home/joanna/ros2_gz_sim/src) by extensions ['colcon_pkg']
[0.240s] Level 1:colcon.colcon_core.package_identification:_identify(/home/joanna/ros2_gz_sim/src) by extension 'colcon_pkg'
[0.240s] Level 1:colcon.colcon_core.package_identification:_identify(/home/joanna/ros2_gz_sim/src) by extensions ['colcon_meta']
[0.240s] Level 1:colcon.colcon_core.package_identification:_identify(/home/joanna/ros2_gz_sim/src) by extension 'colcon_meta'
[0.240s] Level 1:colcon.colcon_core.package_identification:_identify(/home/joanna/ros2_gz_sim/src) by extensions ['ros']
[0.240s] Level 1:colcon.colcon_core.package_identification:_identify(/home/joanna/ros2_gz_sim/src) by extension 'ros'
[0.240s] Level 1:colcon.colcon_core.package_identification:_identify(/home/joanna/ros2_gz_sim/src) by extensions ['cmake', 'python']
[0.240s] Level 1:colcon.colcon_core.package_identification:_identify(/home/joanna/ros2_gz_sim/src) by extension 'cmake'
[0.240s] Level 1:colcon.colcon_core.package_identification:_identify(/home/joanna/ros2_gz_sim/src) by extension 'python'
[0.240s] Level 1:colcon.colcon_core.package_identification:_identify(/home/joanna/ros2_gz_sim/src) by extensions ['python_setup_py']
[0.241s] Level 1:colcon.colcon_core.package_identification:_identify(/home/joanna/ros2_gz_sim/src) by extension 'python_setup_py'
[0.241s] Level 1:colcon.colcon_core.package_identification:_identify(/home/joanna/ros2_gz_sim/src/ros_gazebo_simulation) by extensions ['ignore', 'ignore_ament_install']
[0.241s] Level 1:colcon.colcon_core.package_identification:_identify(/home/joanna/ros2_gz_sim/src/ros_gazebo_simulation) by extension 'ignore'
[0.241s] Level 1:colcon.colcon_core.package_identification:_identify(/home/joanna/ros2_gz_sim/src/ros_gazebo_simulation) by extension 'ignore_ament_install'
[0.241s] Level 1:colcon.colcon_core.package_identification:_identify(/home/joanna/ros2_gz_sim/src/ros_gazebo_simulation) by extensions ['colcon_pkg']
[0.241s] Level 1:colcon.colcon_core.package_identification:_identify(/home/joanna/ros2_gz_sim/src/ros_gazebo_simulation) by extension 'colcon_pkg'
[0.241s] Level 1:colcon.colcon_core.package_identification:_identify(/home/joanna/ros2_gz_sim/src/ros_gazebo_simulation) by extensions ['colcon_meta']
[0.241s] Level 1:colcon.colcon_core.package_identification:_identify(/home/joanna/ros2_gz_sim/src/ros_gazebo_simulation) by extension 'colcon_meta'
[0.241s] Level 1:colcon.colcon_core.package_identification:_identify(/home/joanna/ros2_gz_sim/src/ros_gazebo_simulation) by extensions ['ros']
[0.241s] Level 1:colcon.colcon_core.package_identification:_identify(/home/joanna/ros2_gz_sim/src/ros_gazebo_simulation) by extension 'ros'
[0.245s] DEBUG:colcon.colcon_core.package_identification:Package '/home/joanna/ros2_gz_sim/src/ros_gazebo_simulation' with type 'ros.ament_python' and name 'ros_gazebo_simulation'
[0.246s] Level 1:colcon.colcon_core.package_identification:_identify(/home/joanna/ros2_gz_sim/tujesttotrikky) by extensions ['ignore', 'ignore_ament_install']
[0.246s] Level 1:colcon.colcon_core.package_identification:_identify(/home/joanna/ros2_gz_sim/tujesttotrikky) by extension 'ignore'
[0.246s] Level 1:colcon.colcon_core.package_identification:_identify(/home/joanna/ros2_gz_sim/tujesttotrikky) by extension 'ignore_ament_install'
[0.246s] Level 1:colcon.colcon_core.package_identification:_identify(/home/joanna/ros2_gz_sim/tujesttotrikky) by extensions ['colcon_pkg']
[0.246s] Level 1:colcon.colcon_core.package_identification:_identify(/home/joanna/ros2_gz_sim/tujesttotrikky) by extension 'colcon_pkg'
[0.246s] Level 1:colcon.colcon_core.package_identification:_identify(/home/joanna/ros2_gz_sim/tujesttotrikky) by extensions ['colcon_meta']
[0.246s] Level 1:colcon.colcon_core.package_identification:_identify(/home/joanna/ros2_gz_sim/tujesttotrikky) by extension 'colcon_meta'
[0.246s] Level 1:colcon.colcon_core.package_identification:_identify(/home/joanna/ros2_gz_sim/tujesttotrikky) by extensions ['ros']
[0.246s] Level 1:colcon.colcon_core.package_identification:_identify(/home/joanna/ros2_gz_sim/tujesttotrikky) by extension 'ros'
[0.246s] Level 1:colcon.colcon_core.package_identification:_identify(/home/joanna/ros2_gz_sim/tujesttotrikky) by extensions ['cmake', 'python']
[0.246s] Level 1:colcon.colcon_core.package_identification:_identify(/home/joanna/ros2_gz_sim/tujesttotrikky) by extension 'cmake'
[0.246s] Level 1:colcon.colcon_core.package_identification:_identify(/home/joanna/ros2_gz_sim/tujesttotrikky) by extension 'python'
[0.246s] Level 1:colcon.colcon_core.package_identification:_identify(/home/joanna/ros2_gz_sim/tujesttotrikky) by extensions ['python_setup_py']
[0.247s] Level 1:colcon.colcon_core.package_identification:_identify(/home/joanna/ros2_gz_sim/tujesttotrikky) by extension 'python_setup_py'
[0.247s] Level 1:colcon.colcon_core.package_discovery:discover_packages(recursive) using defaults
