[0.070s] DEBUG:colcon:Command line arguments: ['/usr/bin/colcon', 'list', '-p', '--base-paths', '/home/joanna/ros2_gz_sim']
[0.070s] DEBUG:colcon:Parsed command line arguments: Namespace(log_base=None, log_level=None, verb_name='list', build_base='build', ignore_user_meta=False, metas=['./colcon.meta'], base_paths=['/home/joanna/ros2_gz_sim'], packages_ignore=None, packages_ignore_regex=None, paths=None, packages_up_to=None, packages_up_to_regex=None, packages_above=None, packages_above_and_dependencies=None, packages_above_depth=None, packages_select_by_dep=None, packages_skip_by_dep=None, packages_skip_up_to=None, packages_select_build_failed=False, packages_skip_build_finished=False, packages_select_test_failures=False, packages_skip_test_passed=False, packages_select=None, packages_skip=None, packages_select_regex=None, packages_skip_regex=None, packages_start=None, packages_end=None, allow_overriding=[], topological_order=False, names_only=False, paths_only=True, topological_graph=False, topological_graph_dot=False, topological_graph_density=False, topological_graph_legend=False, topological_graph_dot_cluster=False, topological_graph_dot_include_skipped=False, mixin_files=None, mixin=None, verb_parser=<colcon_mixin.mixin.mixin_argument.MixinArgumentDecorator object at 0x78106e4b5820>, verb_extension=<colcon_package_information.verb.list.ListVerb object at 0x78106e4b4ad0>, main=<bound method ListVerb.main of <colcon_package_information.verb.list.ListVerb object at 0x78106e4b4ad0>>, mixin_verb=('list',))
[0.100s] Level 1:colcon.colcon_core.package_discovery:discover_packages(colcon_meta) check parameters
[0.100s] Level 1:colcon.colcon_core.package_discovery:discover_packages(recursive) check parameters
[0.100s] Level 1:colcon.colcon_core.package_discovery:discover_packages(ignore) check parameters
[0.100s] Level 1:colcon.colcon_core.package_discovery:discover_packages(path) check parameters
[0.100s] Level 1:colcon.colcon_core.package_discovery:discover_packages(recursive) discover
[0.101s] INFO:colcon.colcon_core.package_discovery:Crawling recursively for packages in '/home/joanna/ros2_gz_sim'
[0.101s] Level 1:colcon.colcon_core.package_identification:_identify(/home/joanna/ros2_gz_sim) by extensions ['ignore', 'ignore_ament_install']
[0.101s] Level 1:colcon.colcon_core.package_identification:_identify(/home/joanna/ros2_gz_sim) by extension 'ignore'
[0.101s] Level 1:colcon.colcon_core.package_identification:_identify(/home/joanna/ros2_gz_sim) by extension 'ignore_ament_install'
[0.101s] Level 1:colcon.colcon_core.package_identification:_identify(/home/joanna/ros2_gz_sim) by extensions ['colcon_pkg']
[0.101s] Level 1:colcon.colcon_core.package_identification:_identify(/home/joanna/ros2_gz_sim) by extension 'colcon_pkg'
[0.101s] Level 1:colcon.colcon_core.package_identification:_identify(/home/joanna/ros2_gz_sim) by extensions ['colcon_meta']
[0.101s] Level 1:colcon.colcon_core.package_identification:_identify(/home/joanna/ros2_gz_sim) by extension 'colcon_meta'
[0.101s] Level 1:colcon.colcon_core.package_identification:_identify(/home/joanna/ros2_gz_sim) by extensions ['ros']
[0.101s] Level 1:colcon.colcon_core.package_identification:_identify(/home/joanna/ros2_gz_sim) by extension 'ros'
[0.120s] Level 1:colcon.colcon_core.package_identification:_identify(/home/joanna/ros2_gz_sim) by extensions ['cmake', 'python']
[0.120s] Level 1:colcon.colcon_core.package_identification:_identify(/home/joanna/ros2_gz_sim) by extension 'cmake'
[0.120s] Level 1:colcon.colcon_core.package_identification:_identify(/home/joanna/ros2_gz_sim) by extension 'python'
[0.120s] Level 1:colcon.colcon_core.package_identification:_identify(/home/joanna/ros2_gz_sim) by extensions ['python_setup_py']
[0.120s] Level 1:colcon.colcon_core.package_identification:_identify(/home/joanna/ros2_gz_sim) by extension 'python_setup_py'
[0.120s] Level 1:colcon.colcon_core.package_identification:_identify(/home/joanna/ros2_gz_sim/bag_folder20241102_120106) by extensions ['ignore', 'ignore_ament_install']
[0.121s] Level 1:colcon.colcon_core.package_identification:_identify(/home/joanna/ros2_gz_sim/bag_folder20241102_120106) by extension 'ignore'
[0.121s] Level 1:colcon.colcon_core.package_identification:_identify(/home/joanna/ros2_gz_sim/bag_folder20241102_120106) by extension 'ignore_ament_install'
[0.121s] Level 1:colcon.colcon_core.package_identification:_identify(/home/joanna/ros2_gz_sim/bag_folder20241102_120106) by extensions ['colcon_pkg']
[0.121s] Level 1:colcon.colcon_core.package_identification:_identify(/home/joanna/ros2_gz_sim/bag_folder20241102_120106) by extension 'colcon_pkg'
[0.121s] Level 1:colcon.colcon_core.package_identification:_identify(/home/joanna/ros2_gz_sim/bag_folder20241102_120106) by extensions ['colcon_meta']
[0.121s] Level 1:colcon.colcon_core.package_identification:_identify(/home/joanna/ros2_gz_sim/bag_folder20241102_120106) by extension 'colcon_meta'
[0.121s] Level 1:colcon.colcon_core.package_identification:_identify(/home/joanna/ros2_gz_sim/bag_folder20241102_120106) by extensions ['ros']
[0.121s] Level 1:colcon.colcon_core.package_identification:_identify(/home/joanna/ros2_gz_sim/bag_folder20241102_120106) by extension 'ros'
[0.121s] Level 1:colcon.colcon_core.package_identification:_identify(/home/joanna/ros2_gz_sim/bag_folder20241102_120106) by extensions ['cmake', 'python']
[0.121s] Level 1:colcon.colcon_core.package_identification:_identify(/home/joanna/ros2_gz_sim/bag_folder20241102_120106) by extension 'cmake'
[0.121s] Level 1:colcon.colcon_core.package_identification:_identify(/home/joanna/ros2_gz_sim/bag_folder20241102_120106) by extension 'python'
[0.121s] Level 1:colcon.colcon_core.package_identification:_identify(/home/joanna/ros2_gz_sim/bag_folder20241102_120106) by extensions ['python_setup_py']
[0.121s] Level 1:colcon.colcon_core.package_identification:_identify(/home/joanna/ros2_gz_sim/bag_folder20241102_120106) by extension 'python_setup_py'
[0.121s] Level 1:colcon.colcon_core.package_identification:_identify(/home/joanna/ros2_gz_sim/build) by extensions ['ignore', 'ignore_ament_install']
[0.121s] Level 1:colcon.colcon_core.package_identification:_identify(/home/joanna/ros2_gz_sim/build) by extension 'ignore'
[0.121s] Level 1:colcon.colcon_core.package_identification:_identify(/home/joanna/ros2_gz_sim/build) ignored
[0.121s] Level 1:colcon.colcon_core.package_identification:_identify(/home/joanna/ros2_gz_sim/install) by extensions ['ignore', 'ignore_ament_install']
[0.121s] Level 1:colcon.colcon_core.package_identification:_identify(/home/joanna/ros2_gz_sim/install) by extension 'ignore'
[0.121s] Level 1:colcon.colcon_core.package_identification:_identify(/home/joanna/ros2_gz_sim/install) ignored
[0.121s] Level 1:colcon.colcon_core.package_identification:_identify(/home/joanna/ros2_gz_sim/log) by extensions ['ignore', 'ignore_ament_install']
[0.121s] Level 1:colcon.colcon_core.package_identification:_identify(/home/joanna/ros2_gz_sim/log) by extension 'ignore'
[0.121s] Level 1:colcon.colcon_core.package_identification:_identify(/home/joanna/ros2_gz_sim/log) ignored
[0.121s] Level 1:colcon.colcon_core.package_identification:_identify(/home/joanna/ros2_gz_sim/neural_networks) by extensions ['ignore', 'ignore_ament_install']
[0.121s] Level 1:colcon.colcon_core.package_identification:_identify(/home/joanna/ros2_gz_sim/neural_networks) by extension 'ignore'
[0.121s] Level 1:colcon.colcon_core.package_identification:_identify(/home/joanna/ros2_gz_sim/neural_networks) by extension 'ignore_ament_install'
[0.121s] Level 1:colcon.colcon_core.package_identification:_identify(/home/joanna/ros2_gz_sim/neural_networks) by extensions ['colcon_pkg']
[0.121s] Level 1:colcon.colcon_core.package_identification:_identify(/home/joanna/ros2_gz_sim/neural_networks) by extension 'colcon_pkg'
[0.122s] Level 1:colcon.colcon_core.package_identification:_identify(/home/joanna/ros2_gz_sim/neural_networks) by extensions ['colcon_meta']
[0.122s] Level 1:colcon.colcon_core.package_identification:_identify(/home/joanna/ros2_gz_sim/neural_networks) by extension 'colcon_meta'
[0.122s] Level 1:colcon.colcon_core.package_identification:_identify(/home/joanna/ros2_gz_sim/neural_networks) by extensions ['ros']
[0.122s] Level 1:colcon.colcon_core.package_identification:_identify(/home/joanna/ros2_gz_sim/neural_networks) by extension 'ros'
[0.122s] Level 1:colcon.colcon_core.package_identification:_identify(/home/joanna/ros2_gz_sim/neural_networks) by extensions ['cmake', 'python']
[0.122s] Level 1:colcon.colcon_core.package_identification:_identify(/home/joanna/ros2_gz_sim/neural_networks) by extension 'cmake'
[0.122s] Level 1:colcon.colcon_core.package_identification:_identify(/home/joanna/ros2_gz_sim/neural_networks) by extension 'python'
[0.122s] Level 1:colcon.colcon_core.package_identification:_identify(/home/joanna/ros2_gz_sim/neural_networks) by extensions ['python_setup_py']
[0.122s] Level 1:colcon.colcon_core.package_identification:_identify(/home/joanna/ros2_gz_sim/neural_networks) by extension 'python_setup_py'
[0.122s] Level 1:colcon.colcon_core.package_identification:_identify(/home/joanna/ros2_gz_sim/src) by extensions ['ignore', 'ignore_ament_install']
[0.122s] Level 1:colcon.colcon_core.package_identification:_identify(/home/joanna/ros2_gz_sim/src) by extension 'ignore'
[0.122s] Level 1:colcon.colcon_core.package_identification:_identify(/home/joanna/ros2_gz_sim/src) by extension 'ignore_ament_install'
[0.122s] Level 1:colcon.colcon_core.package_identification:_identify(/home/joanna/ros2_gz_sim/src) by extensions ['colcon_pkg']
[0.122s] Level 1:colcon.colcon_core.package_identification:_identify(/home/joanna/ros2_gz_sim/src) by extension 'colcon_pkg'
[0.122s] Level 1:colcon.colcon_core.package_identification:_identify(/home/joanna/ros2_gz_sim/src) by extensions ['colcon_meta']
[0.122s] Level 1:colcon.colcon_core.package_identification:_identify(/home/joanna/ros2_gz_sim/src) by extension 'colcon_meta'
[0.122s] Level 1:colcon.colcon_core.package_identification:_identify(/home/joanna/ros2_gz_sim/src) by extensions ['ros']
[0.122s] Level 1:colcon.colcon_core.package_identification:_identify(/home/joanna/ros2_gz_sim/src) by extension 'ros'
[0.122s] Level 1:colcon.colcon_core.package_identification:_identify(/home/joanna/ros2_gz_sim/src) by extensions ['cmake', 'python']
[0.122s] Level 1:colcon.colcon_core.package_identification:_identify(/home/joanna/ros2_gz_sim/src) by extension 'cmake'
[0.122s] Level 1:colcon.colcon_core.package_identification:_identify(/home/joanna/ros2_gz_sim/src) by extension 'python'
[0.122s] Level 1:colcon.colcon_core.package_identification:_identify(/home/joanna/ros2_gz_sim/src) by extensions ['python_setup_py']
[0.122s] Level 1:colcon.colcon_core.package_identification:_identify(/home/joanna/ros2_gz_sim/src) by extension 'python_setup_py'
[0.122s] Level 1:colcon.colcon_core.package_identification:_identify(/home/joanna/ros2_gz_sim/src/ros_gazebo_simulation) by extensions ['ignore', 'ignore_ament_install']
[0.122s] Level 1:colcon.colcon_core.package_identification:_identify(/home/joanna/ros2_gz_sim/src/ros_gazebo_simulation) by extension 'ignore'
[0.122s] Level 1:colcon.colcon_core.package_identification:_identify(/home/joanna/ros2_gz_sim/src/ros_gazebo_simulation) by extension 'ignore_ament_install'
[0.122s] Level 1:colcon.colcon_core.package_identification:_identify(/home/joanna/ros2_gz_sim/src/ros_gazebo_simulation) by extensions ['colcon_pkg']
[0.122s] Level 1:colcon.colcon_core.package_identification:_identify(/home/joanna/ros2_gz_sim/src/ros_gazebo_simulation) by extension 'colcon_pkg'
[0.122s] Level 1:colcon.colcon_core.package_identification:_identify(/home/joanna/ros2_gz_sim/src/ros_gazebo_simulation) by extensions ['colcon_meta']
[0.122s] Level 1:colcon.colcon_core.package_identification:_identify(/home/joanna/ros2_gz_sim/src/ros_gazebo_simulation) by extension 'colcon_meta'
[0.122s] Level 1:colcon.colcon_core.package_identification:_identify(/home/joanna/ros2_gz_sim/src/ros_gazebo_simulation) by extensions ['ros']
[0.122s] Level 1:colcon.colcon_core.package_identification:_identify(/home/joanna/ros2_gz_sim/src/ros_gazebo_simulation) by extension 'ros'
[0.125s] DEBUG:colcon.colcon_core.package_identification:Package '/home/joanna/ros2_gz_sim/src/ros_gazebo_simulation' with type 'ros.ament_python' and name 'ros_gazebo_simulation'
[0.125s] Level 1:colcon.colcon_core.package_discovery:discover_packages(recursive) using defaults
